2017-03-08 10:26:54.1830 Info JF8MUH652VSBDH mono-sgen 1729 1  NetSCADA.MESReportServer.NLogLogWriter.InfoFormat Configuration Result:
[Success] Name MESReportServer
[Success] Description MESReportServerService
[Success] ServiceName MESReportServer
2017-03-08 10:26:54.1984 Info JF8MUH652VSBDH mono-sgen 1729 1  NetSCADA.MESReportServer.NLogLogWriter.InfoFormat Topshelf v4.0.0.0, .NET Framework v4.0.30319.42000
2017-03-08 10:26:54.2283 Info JF8MUH652VSBDH mono-sgen 1729 1  NetSCADA.MESReportServer.NLogLogWriter.Info MESReportServer is started
2017-03-08 10:26:54.2329 Info JF8MUH652VSBDH mono-sgen 1729 1  NetSCADA.MESReportServer.NLogLogWriter.Info [Topshelf.Nancy] Starting NancyHost
2017-03-08 10:27:32.8677 Info JF8MUH652VSBDH mono-sgen 1729 1  NetSCADA.MESReportServer.NLogLogWriter.Info [Topshelf.Nancy] NancyHost started
2017-03-08 10:27:32.8677 Info JF8MUH652VSBDH mono-sgen 1729 1  NetSCADA.MESReportServer.NLogLogWriter.InfoFormat The MESReportServer service is now running, press Control+C to exit.
2017-03-08 10:27:32.8728 Error JF8MUH652VSBDH mono-sgen 1729 8 Threadpool worker NetSCADA.MESReportServer.NLogLogWriter.Error message:You have an error in your SQL syntax; check the manual that corresponds to your MySQL server version for the right syntax to use near ')' at line 1,StackTrace:  at MySql.Data.MySqlClient.MySqlStream.ReadPacket () [0x00096] in <0a135c8e4d604d948724bf6960583b7f>:0 
  at MySql.Data.MySqlClient.NativeDriver.GetResult (System.Int32& affectedRow, System.Int64& insertedId) [0x00000] in <0a135c8e4d604d948724bf6960583b7f>:0 
2017-03-08 10:29:05.4705 Info JF8MUH652VSBDH mono-sgen 1842 1  NetSCADA.MESReportServer.NLogLogWriter.InfoFormat Configuration Result:
[Success] Name MESReportServer
[Success] Description MESReportServerService
[Success] ServiceName MESReportServer
2017-03-08 10:29:05.4859 Info JF8MUH652VSBDH mono-sgen 1842 1  NetSCADA.MESReportServer.NLogLogWriter.InfoFormat Topshelf v4.0.0.0, .NET Framework v4.0.30319.42000
2017-03-08 10:29:05.5173 Info JF8MUH652VSBDH mono-sgen 1842 1  NetSCADA.MESReportServer.NLogLogWriter.Info MESReportServer is started
2017-03-08 10:29:05.5215 Info JF8MUH652VSBDH mono-sgen 1842 1  NetSCADA.MESReportServer.NLogLogWriter.Info [Topshelf.Nancy] Starting NancyHost
2017-03-08 10:29:21.1747 Error JF8MUH652VSBDH mono-sgen 1842 8 Threadpool worker NetSCADA.MESReportServer.NLogLogWriter.Error message:You have an error in your SQL syntax; check the manual that corresponds to your MySQL server version for the right syntax to use near ')' at line 1,StackTrace:  at MySql.Data.MySqlClient.MySqlStream.ReadPacket () [0x00096] in <0a135c8e4d604d948724bf6960583b7f>:0 
  at MySql.Data.MySqlClient.NativeDriver.GetResult (System.Int32& affectedRow, System.Int64& insertedId) [0x00000] in <0a135c8e4d604d948724bf6960583b7f>:0 
2017-03-08 10:32:48.3258 Info JF8MUH652VSBDH mono-sgen 2010 1  NetSCADA.MESReportServer.NLogLogWriter.InfoFormat Configuration Result:
[Success] Name MESReportServer
[Success] Description MESReportServerService
[Success] ServiceName MESReportServer
2017-03-08 10:32:48.3400 Info JF8MUH652VSBDH mono-sgen 2010 1  NetSCADA.MESReportServer.NLogLogWriter.InfoFormat Topshelf v4.0.0.0, .NET Framework v4.0.30319.42000
2017-03-08 10:32:48.3701 Info JF8MUH652VSBDH mono-sgen 2010 1  NetSCADA.MESReportServer.NLogLogWriter.Info MESReportServer is started
2017-03-08 10:32:48.3747 Info JF8MUH652VSBDH mono-sgen 2010 1  NetSCADA.MESReportServer.NLogLogWriter.Info [Topshelf.Nancy] Starting NancyHost
2017-03-08 10:33:32.5193 Info JF8MUH652VSBDH mono-sgen 2010 1  NetSCADA.MESReportServer.NLogLogWriter.Info [Topshelf.Nancy] NancyHost started
2017-03-08 10:33:32.5193 Info JF8MUH652VSBDH mono-sgen 2010 1  NetSCADA.MESReportServer.NLogLogWriter.InfoFormat The MESReportServer service is now running, press Control+C to exit.
2017-03-08 10:33:32.5263 Error JF8MUH652VSBDH mono-sgen 2010 9 Threadpool worker NetSCADA.MESReportServer.NLogLogWriter.Error message:You have an error in your SQL syntax; check the manual that corresponds to your MySQL server version for the right syntax to use near ')' at line 1,StackTrace:  at MySql.Data.MySqlClient.MySqlStream.ReadPacket () [0x00096] in <0a135c8e4d604d948724bf6960583b7f>:0 
  at MySql.Data.MySqlClient.NativeDriver.GetResult (System.Int32& affectedRow, System.Int64& insertedId) [0x00000] in <0a135c8e4d604d948724bf6960583b7f>:0 
2017-03-08 10:37:53.5266 Info JF8MUH652VSBDH mono-sgen 2165 1  NetSCADA.MESReportServer.NLogLogWriter.InfoFormat Configuration Result:
[Success] Name MESReportServer
[Success] Description MESReportServerService
[Success] ServiceName MESReportServer
2017-03-08 10:37:53.5418 Info JF8MUH652VSBDH mono-sgen 2165 1  NetSCADA.MESReportServer.NLogLogWriter.InfoFormat Topshelf v4.0.0.0, .NET Framework v4.0.30319.42000
2017-03-08 10:37:53.5727 Info JF8MUH652VSBDH mono-sgen 2165 1  NetSCADA.MESReportServer.NLogLogWriter.Info MESReportServer is started
2017-03-08 10:37:53.5775 Info JF8MUH652VSBDH mono-sgen 2165 1  NetSCADA.MESReportServer.NLogLogWriter.Info [Topshelf.Nancy] Starting NancyHost
2017-03-08 10:38:30.6122 Info JF8MUH652VSBDH mono-sgen 2165 1  NetSCADA.MESReportServer.NLogLogWriter.Info [Topshelf.Nancy] NancyHost started
2017-03-08 10:38:30.6122 Info JF8MUH652VSBDH mono-sgen 2165 1  NetSCADA.MESReportServer.NLogLogWriter.InfoFormat The MESReportServer service is now running, press Control+C to exit.
2017-03-08 10:39:23.0978 Info JF8MUH652VSBDH mono-sgen 2281 1  NetSCADA.MESReportServer.NLogLogWriter.InfoFormat Configuration Result:
[Success] Name MESReportServer
[Success] Description MESReportServerService
[Success] ServiceName MESReportServer
2017-03-08 10:39:23.1112 Info JF8MUH652VSBDH mono-sgen 2281 1  NetSCADA.MESReportServer.NLogLogWriter.InfoFormat Topshelf v4.0.0.0, .NET Framework v4.0.30319.42000
2017-03-08 10:39:23.1432 Info JF8MUH652VSBDH mono-sgen 2281 1  NetSCADA.MESReportServer.NLogLogWriter.Info MESReportServer is started
2017-03-08 10:39:23.1474 Info JF8MUH652VSBDH mono-sgen 2281 1  NetSCADA.MESReportServer.NLogLogWriter.Info [Topshelf.Nancy] Starting NancyHost
2017-03-08 10:40:03.6998 Info JF8MUH652VSBDH mono-sgen 2347 1  NetSCADA.MESReportServer.NLogLogWriter.InfoFormat Configuration Result:
[Success] Name MESReportServer
[Success] Description MESReportServerService
[Success] ServiceName MESReportServer
2017-03-08 10:40:03.7135 Info JF8MUH652VSBDH mono-sgen 2347 1  NetSCADA.MESReportServer.NLogLogWriter.InfoFormat Topshelf v4.0.0.0, .NET Framework v4.0.30319.42000
2017-03-08 10:40:03.7433 Info JF8MUH652VSBDH mono-sgen 2347 1  NetSCADA.MESReportServer.NLogLogWriter.Info MESReportServer is started
2017-03-08 10:40:03.7480 Info JF8MUH652VSBDH mono-sgen 2347 1  NetSCADA.MESReportServer.NLogLogWriter.Info [Topshelf.Nancy] Starting NancyHost
2017-03-08 10:40:04.8059 Info JF8MUH652VSBDH mono-sgen 2347 1  NetSCADA.MESReportServer.NLogLogWriter.Info [Topshelf.Nancy] NancyHost started
2017-03-08 10:40:04.8059 Info JF8MUH652VSBDH mono-sgen 2347 1  NetSCADA.MESReportServer.NLogLogWriter.InfoFormat The MESReportServer service is now running, press Control+C to exit.
2017-03-08 10:40:46.7807 Error JF8MUH652VSBDH mono-sgen 2347 7 Threadpool worker NetSCADA.MESReportServer.NLogLogWriter.Error message:You have an error in your SQL syntax; check the manual that corresponds to your MySQL server version for the right syntax to use near ')' at line 1,StackTrace:  at MySql.Data.MySqlClient.MySqlStream.ReadPacket () [0x00096] in <0a135c8e4d604d948724bf6960583b7f>:0 
  at MySql.Data.MySqlClient.NativeDriver.GetResult (System.Int32& affectedRow, System.Int64& insertedId) [0x00000] in <0a135c8e4d604d948724bf6960583b7f>:0 
2017-03-08 10:41:34.6340 Error JF8MUH652VSBDH mono-sgen 2347 7 Threadpool worker NetSCADA.MESReportServer.NLogLogWriter.Error message:You have an error in your SQL syntax; check the manual that corresponds to your MySQL server version for the right syntax to use near ')' at line 1,StackTrace:  at MySql.Data.MySqlClient.MySqlStream.ReadPacket () [0x00096] in <0a135c8e4d604d948724bf6960583b7f>:0 
  at MySql.Data.MySqlClient.NativeDriver.GetResult (System.Int32& affectedRow, System.Int64& insertedId) [0x00000] in <0a135c8e4d604d948724bf6960583b7f>:0 
2017-03-08 10:41:42.2785 Error JF8MUH652VSBDH mono-sgen 2347 7 Threadpool worker NetSCADA.MESReportServer.NLogLogWriter.Error message:You have an error in your SQL syntax; check the manual that corresponds to your MySQL server version for the right syntax to use near ')' at line 1,StackTrace:  at MySql.Data.MySqlClient.MySqlStream.ReadPacket () [0x00096] in <0a135c8e4d604d948724bf6960583b7f>:0 
  at MySql.Data.MySqlClient.NativeDriver.GetResult (System.Int32& affectedRow, System.Int64& insertedId) [0x00000] in <0a135c8e4d604d948724bf6960583b7f>:0 
2017-03-08 10:41:42.2952 Error JF8MUH652VSBDH mono-sgen 2347 7 Threadpool worker NetSCADA.MESReportServer.NLogLogWriter.Error message:You have an error in your SQL syntax; check the manual that corresponds to your MySQL server version for the right syntax to use near ')' at line 1,StackTrace:  at MySql.Data.MySqlClient.MySqlStream.ReadPacket () [0x00096] in <0a135c8e4d604d948724bf6960583b7f>:0 
  at MySql.Data.MySqlClient.NativeDriver.GetResult (System.Int32& affectedRow, System.Int64& insertedId) [0x00000] in <0a135c8e4d604d948724bf6960583b7f>:0 
2017-03-08 10:43:24.6723 Info JF8MUH652VSBDH mono-sgen 2514 1  NetSCADA.MESReportServer.NLogLogWriter.InfoFormat Configuration Result:
[Success] Name MESReportServer
[Success] Description MESReportServerService
[Success] ServiceName MESReportServer
2017-03-08 10:43:24.6868 Info JF8MUH652VSBDH mono-sgen 2514 1  NetSCADA.MESReportServer.NLogLogWriter.InfoFormat Topshelf v4.0.0.0, .NET Framework v4.0.30319.42000
2017-03-08 10:43:24.7173 Info JF8MUH652VSBDH mono-sgen 2514 1  NetSCADA.MESReportServer.NLogLogWriter.Info MESReportServer is started
2017-03-08 10:43:24.7212 Info JF8MUH652VSBDH mono-sgen 2514 1  NetSCADA.MESReportServer.NLogLogWriter.Info [Topshelf.Nancy] Starting NancyHost
2017-03-08 10:44:11.8321 Info JF8MUH652VSBDH mono-sgen 2599 1  NetSCADA.MESReportServer.NLogLogWriter.InfoFormat Configuration Result:
[Success] Name MESReportServer
[Success] Description MESReportServerService
[Success] ServiceName MESReportServer
2017-03-08 10:44:11.8474 Info JF8MUH652VSBDH mono-sgen 2599 1  NetSCADA.MESReportServer.NLogLogWriter.InfoFormat Topshelf v4.0.0.0, .NET Framework v4.0.30319.42000
2017-03-08 10:44:11.8765 Info JF8MUH652VSBDH mono-sgen 2599 1  NetSCADA.MESReportServer.NLogLogWriter.Info MESReportServer is started
2017-03-08 10:44:11.8809 Info JF8MUH652VSBDH mono-sgen 2599 1  NetSCADA.MESReportServer.NLogLogWriter.Info [Topshelf.Nancy] Starting NancyHost
2017-03-08 10:44:12.8918 Info JF8MUH652VSBDH mono-sgen 2599 1  NetSCADA.MESReportServer.NLogLogWriter.Info [Topshelf.Nancy] NancyHost started
2017-03-08 10:44:12.8918 Info JF8MUH652VSBDH mono-sgen 2599 1  NetSCADA.MESReportServer.NLogLogWriter.InfoFormat The MESReportServer service is now running, press Control+C to exit.
2017-03-08 10:44:47.1899 Error JF8MUH652VSBDH mono-sgen 2599 6 Threadpool worker NetSCADA.MESReportServer.NLogLogWriter.Error message:You have an error in your SQL syntax; check the manual that corresponds to your MySQL server version for the right syntax to use near ')' at line 1,StackTrace:  at MySql.Data.MySqlClient.MySqlStream.ReadPacket () [0x00096] in <0a135c8e4d604d948724bf6960583b7f>:0 
  at MySql.Data.MySqlClient.NativeDriver.GetResult (System.Int32& affectedRow, System.Int64& insertedId) [0x00000] in <0a135c8e4d604d948724bf6960583b7f>:0 
2017-03-08 10:45:23.8689 Error JF8MUH652VSBDH mono-sgen 2599 6 Threadpool worker NetSCADA.MESReportServer.NLogLogWriter.Error message:You have an error in your SQL syntax; check the manual that corresponds to your MySQL server version for the right syntax to use near ')' at line 1,StackTrace:  at MySql.Data.MySqlClient.MySqlStream.ReadPacket () [0x00096] in <0a135c8e4d604d948724bf6960583b7f>:0 
  at MySql.Data.MySqlClient.NativeDriver.GetResult (System.Int32& affectedRow, System.Int64& insertedId) [0x00000] in <0a135c8e4d604d948724bf6960583b7f>:0 
2017-03-08 10:46:07.9118 Error JF8MUH652VSBDH mono-sgen 2599 6 Threadpool worker NetSCADA.MESReportServer.NLogLogWriter.Error message:You have an error in your SQL syntax; check the manual that corresponds to your MySQL server version for the right syntax to use near ')' at line 1,StackTrace:  at MySql.Data.MySqlClient.MySqlStream.ReadPacket () [0x00096] in <0a135c8e4d604d948724bf6960583b7f>:0 
  at MySql.Data.MySqlClient.NativeDriver.GetResult (System.Int32& affectedRow, System.Int64& insertedId) [0x00000] in <0a135c8e4d604d948724bf6960583b7f>:0 
2017-03-08 10:46:54.3670 Error JF8MUH652VSBDH mono-sgen 2599 6 Threadpool worker NetSCADA.MESReportServer.NLogLogWriter.Error message:You have an error in your SQL syntax; check the manual that corresponds to your MySQL server version for the right syntax to use near ')' at line 1,StackTrace:  at MySql.Data.MySqlClient.MySqlStream.ReadPacket () [0x00096] in <0a135c8e4d604d948724bf6960583b7f>:0 
  at MySql.Data.MySqlClient.NativeDriver.GetResult (System.Int32& affectedRow, System.Int64& insertedId) [0x00000] in <0a135c8e4d604d948724bf6960583b7f>:0 
2017-03-08 10:49:23.2721 Info JF8MUH652VSBDH mono-sgen 2823 1  NetSCADA.MESReportServer.NLogLogWriter.InfoFormat Configuration Result:
[Success] Name MESReportServer
[Success] Description MESReportServerService
[Success] ServiceName MESReportServer
2017-03-08 10:49:23.2873 Info JF8MUH652VSBDH mono-sgen 2823 1  NetSCADA.MESReportServer.NLogLogWriter.InfoFormat Topshelf v4.0.0.0, .NET Framework v4.0.30319.42000
2017-03-08 10:49:23.3196 Info JF8MUH652VSBDH mono-sgen 2823 1  NetSCADA.MESReportServer.NLogLogWriter.Info MESReportServer is started
2017-03-08 10:49:23.3239 Info JF8MUH652VSBDH mono-sgen 2823 1  NetSCADA.MESReportServer.NLogLogWriter.Info [Topshelf.Nancy] Starting NancyHost
2017-03-08 10:49:57.5795 Info JF8MUH652VSBDH mono-sgen 2823 1  NetSCADA.MESReportServer.NLogLogWriter.Info [Topshelf.Nancy] NancyHost started
2017-03-08 10:49:57.5798 Info JF8MUH652VSBDH mono-sgen 2823 1  NetSCADA.MESReportServer.NLogLogWriter.InfoFormat The MESReportServer service is now running, press Control+C to exit.
2017-03-08 10:51:13.3467 Info JF8MUH652VSBDH mono-sgen 2935 1  NetSCADA.MESReportServer.NLogLogWriter.InfoFormat Configuration Result:
[Success] Name MESReportServer
[Success] Description MESReportServerService
[Success] ServiceName MESReportServer
2017-03-08 10:51:13.3625 Info JF8MUH652VSBDH mono-sgen 2935 1  NetSCADA.MESReportServer.NLogLogWriter.InfoFormat Topshelf v4.0.0.0, .NET Framework v4.0.30319.42000
2017-03-08 10:51:13.3940 Info JF8MUH652VSBDH mono-sgen 2935 1  NetSCADA.MESReportServer.NLogLogWriter.Info MESReportServer is started
2017-03-08 10:51:13.3981 Info JF8MUH652VSBDH mono-sgen 2935 1  NetSCADA.MESReportServer.NLogLogWriter.Info [Topshelf.Nancy] Starting NancyHost
2017-03-08 10:52:10.2197 Info JF8MUH652VSBDH mono-sgen 3008 1  NetSCADA.MESReportServer.NLogLogWriter.InfoFormat Configuration Result:
[Success] Name MESReportServer
[Success] Description MESReportServerService
[Success] ServiceName MESReportServer
2017-03-08 10:52:10.2342 Info JF8MUH652VSBDH mono-sgen 3008 1  NetSCADA.MESReportServer.NLogLogWriter.InfoFormat Topshelf v4.0.0.0, .NET Framework v4.0.30319.42000
2017-03-08 10:52:10.2643 Info JF8MUH652VSBDH mono-sgen 3008 1  NetSCADA.MESReportServer.NLogLogWriter.Info MESReportServer is started
2017-03-08 10:52:10.2681 Info JF8MUH652VSBDH mono-sgen 3008 1  NetSCADA.MESReportServer.NLogLogWriter.Info [Topshelf.Nancy] Starting NancyHost
2017-03-08 10:54:18.3696 Info JF8MUH652VSBDH mono-sgen 3139 1  NetSCADA.MESReportServer.NLogLogWriter.InfoFormat Configuration Result:
[Success] Name MESReportServer
[Success] Description MESReportServerService
[Success] ServiceName MESReportServer
2017-03-08 10:54:18.3841 Info JF8MUH652VSBDH mono-sgen 3139 1  NetSCADA.MESReportServer.NLogLogWriter.InfoFormat Topshelf v4.0.0.0, .NET Framework v4.0.30319.42000
2017-03-08 10:54:18.4154 Info JF8MUH652VSBDH mono-sgen 3139 1  NetSCADA.MESReportServer.NLogLogWriter.Info MESReportServer is started
2017-03-08 10:54:18.4195 Info JF8MUH652VSBDH mono-sgen 3139 1  NetSCADA.MESReportServer.NLogLogWriter.Info [Topshelf.Nancy] Starting NancyHost
2017-03-08 10:54:50.4435 Info JF8MUH652VSBDH mono-sgen 3139 1  NetSCADA.MESReportServer.NLogLogWriter.Info [Topshelf.Nancy] NancyHost started
2017-03-08 10:54:50.4435 Info JF8MUH652VSBDH mono-sgen 3139 1  NetSCADA.MESReportServer.NLogLogWriter.InfoFormat The MESReportServer service is now running, press Control+C to exit.
2017-03-08 10:56:23.7773 Info JF8MUH652VSBDH mono-sgen 3429 1  NetSCADA.MESReportServer.NLogLogWriter.InfoFormat Configuration Result:
[Success] Name MESReportServer
[Success] Description MESReportServerService
[Success] ServiceName MESReportServer
2017-03-08 10:56:23.7938 Info JF8MUH652VSBDH mono-sgen 3429 1  NetSCADA.MESReportServer.NLogLogWriter.InfoFormat Topshelf v4.0.0.0, .NET Framework v4.0.30319.42000
2017-03-08 10:56:23.8226 Info JF8MUH652VSBDH mono-sgen 3429 1  NetSCADA.MESReportServer.NLogLogWriter.Info MESReportServer is started
2017-03-08 10:56:23.8266 Info JF8MUH652VSBDH mono-sgen 3429 1  NetSCADA.MESReportServer.NLogLogWriter.Info [Topshelf.Nancy] Starting NancyHost
2017-03-08 10:56:49.8849 Info JF8MUH652VSBDH mono-sgen 3429 1  NetSCADA.MESReportServer.NLogLogWriter.Info [Topshelf.Nancy] NancyHost started
2017-03-08 10:56:49.8849 Info JF8MUH652VSBDH mono-sgen 3429 1  NetSCADA.MESReportServer.NLogLogWriter.InfoFormat The MESReportServer service is now running, press Control+C to exit.
2017-03-08 11:00:21.4717 Info JF8MUH652VSBDH mono-sgen 3741 1  NetSCADA.MESReportServer.NLogLogWriter.InfoFormat Configuration Result:
[Success] Name MESReportServer
[Success] Description MESReportServerService
[Success] ServiceName MESReportServer
2017-03-08 11:00:21.4862 Info JF8MUH652VSBDH mono-sgen 3741 1  NetSCADA.MESReportServer.NLogLogWriter.InfoFormat Topshelf v4.0.0.0, .NET Framework v4.0.30319.42000
2017-03-08 11:00:21.5170 Info JF8MUH652VSBDH mono-sgen 3741 1  NetSCADA.MESReportServer.NLogLogWriter.Info MESReportServer is started
2017-03-08 11:00:21.5207 Info JF8MUH652VSBDH mono-sgen 3741 1  NetSCADA.MESReportServer.NLogLogWriter.Info [Topshelf.Nancy] Starting NancyHost
2017-03-08 11:00:56.2053 Info JF8MUH652VSBDH mono-sgen 3741 1  NetSCADA.MESReportServer.NLogLogWriter.Info [Topshelf.Nancy] NancyHost started
2017-03-08 11:00:56.2059 Info JF8MUH652VSBDH mono-sgen 3741 1  NetSCADA.MESReportServer.NLogLogWriter.InfoFormat The MESReportServer service is now running, press Control+C to exit.
2017-03-08 11:01:38.0050 Info JF8MUH652VSBDH mono-sgen 3888 1  NetSCADA.MESReportServer.NLogLogWriter.InfoFormat Configuration Result:
[Success] Name MESReportServer
[Success] Description MESReportServerService
[Success] ServiceName MESReportServer
2017-03-08 11:01:38.0198 Info JF8MUH652VSBDH mono-sgen 3888 1  NetSCADA.MESReportServer.NLogLogWriter.InfoFormat Topshelf v4.0.0.0, .NET Framework v4.0.30319.42000
2017-03-08 11:01:38.0487 Info JF8MUH652VSBDH mono-sgen 3888 1  NetSCADA.MESReportServer.NLogLogWriter.Info MESReportServer is started
2017-03-08 11:01:38.0532 Info JF8MUH652VSBDH mono-sgen 3888 1  NetSCADA.MESReportServer.NLogLogWriter.Info [Topshelf.Nancy] Starting NancyHost
2017-03-08 11:02:13.3180 Info JF8MUH652VSBDH mono-sgen 3888 1  NetSCADA.MESReportServer.NLogLogWriter.Info [Topshelf.Nancy] NancyHost started
2017-03-08 11:02:13.3180 Info JF8MUH652VSBDH mono-sgen 3888 1  NetSCADA.MESReportServer.NLogLogWriter.InfoFormat The MESReportServer service is now running, press Control+C to exit.
2017-03-08 11:02:41.7050 Info JF8MUH652VSBDH mono-sgen 3994 1  NetSCADA.MESReportServer.NLogLogWriter.InfoFormat Configuration Result:
[Success] Name MESReportServer
[Success] Description MESReportServerService
[Success] ServiceName MESReportServer
2017-03-08 11:02:41.7181 Info JF8MUH652VSBDH mono-sgen 3994 1  NetSCADA.MESReportServer.NLogLogWriter.InfoFormat Topshelf v4.0.0.0, .NET Framework v4.0.30319.42000
2017-03-08 11:02:41.7466 Info JF8MUH652VSBDH mono-sgen 3994 1  NetSCADA.MESReportServer.NLogLogWriter.Info MESReportServer is started
2017-03-08 11:02:41.7506 Info JF8MUH652VSBDH mono-sgen 3994 1  NetSCADA.MESReportServer.NLogLogWriter.Info [Topshelf.Nancy] Starting NancyHost
2017-03-08 11:03:17.1504 Info JF8MUH652VSBDH mono-sgen 4200 1  NetSCADA.MESReportServer.NLogLogWriter.InfoFormat Configuration Result:
[Success] Name MESReportServer
[Success] Description MESReportServerService
[Success] ServiceName MESReportServer
2017-03-08 11:03:17.1646 Info JF8MUH652VSBDH mono-sgen 4200 1  NetSCADA.MESReportServer.NLogLogWriter.InfoFormat Topshelf v4.0.0.0, .NET Framework v4.0.30319.42000
2017-03-08 11:03:17.1939 Info JF8MUH652VSBDH mono-sgen 4200 1  NetSCADA.MESReportServer.NLogLogWriter.Info MESReportServer is started
2017-03-08 11:03:17.1979 Info JF8MUH652VSBDH mono-sgen 4200 1  NetSCADA.MESReportServer.NLogLogWriter.Info [Topshelf.Nancy] Starting NancyHost
2017-03-08 11:03:18.2436 Info JF8MUH652VSBDH mono-sgen 4200 1  NetSCADA.MESReportServer.NLogLogWriter.Info [Topshelf.Nancy] NancyHost started
2017-03-08 11:03:18.2440 Info JF8MUH652VSBDH mono-sgen 4200 1  NetSCADA.MESReportServer.NLogLogWriter.InfoFormat The MESReportServer service is now running, press Control+C to exit.
2017-03-08 11:04:09.6327 Info JF8MUH652VSBDH mono-sgen 4268 1  NetSCADA.MESReportServer.NLogLogWriter.InfoFormat Configuration Result:
[Success] Name MESReportServer
[Success] Description MESReportServerService
[Success] ServiceName MESReportServer
2017-03-08 11:04:09.6480 Info JF8MUH652VSBDH mono-sgen 4268 1  NetSCADA.MESReportServer.NLogLogWriter.InfoFormat Topshelf v4.0.0.0, .NET Framework v4.0.30319.42000
2017-03-08 11:04:09.6783 Info JF8MUH652VSBDH mono-sgen 4268 1  NetSCADA.MESReportServer.NLogLogWriter.Info MESReportServer is started
2017-03-08 11:04:09.6832 Info JF8MUH652VSBDH mono-sgen 4268 1  NetSCADA.MESReportServer.NLogLogWriter.Info [Topshelf.Nancy] Starting NancyHost
2017-03-08 11:05:10.2016 Info JF8MUH652VSBDH mono-sgen 4343 1  NetSCADA.MESReportServer.NLogLogWriter.InfoFormat Configuration Result:
[Success] Name MESReportServer
[Success] Description MESReportServerService
[Success] ServiceName MESReportServer
2017-03-08 11:05:10.2154 Info JF8MUH652VSBDH mono-sgen 4343 1  NetSCADA.MESReportServer.NLogLogWriter.InfoFormat Topshelf v4.0.0.0, .NET Framework v4.0.30319.42000
2017-03-08 11:05:10.2443 Info JF8MUH652VSBDH mono-sgen 4343 1  NetSCADA.MESReportServer.NLogLogWriter.Info MESReportServer is started
2017-03-08 11:05:10.2480 Info JF8MUH652VSBDH mono-sgen 4343 1  NetSCADA.MESReportServer.NLogLogWriter.Info [Topshelf.Nancy] Starting NancyHost
2017-03-08 11:05:43.2118 Info JF8MUH652VSBDH mono-sgen 4343 1  NetSCADA.MESReportServer.NLogLogWriter.Info [Topshelf.Nancy] NancyHost started
2017-03-08 11:05:43.2164 Info JF8MUH652VSBDH mono-sgen 4343 1  NetSCADA.MESReportServer.NLogLogWriter.InfoFormat The MESReportServer service is now running, press Control+C to exit.
2017-03-08 11:07:01.7331 Info JF8MUH652VSBDH mono-sgen 4412 1  NetSCADA.MESReportServer.NLogLogWriter.InfoFormat Configuration Result:
[Success] Name MESReportServer
[Success] Description MESReportServerService
[Success] ServiceName MESReportServer
2017-03-08 11:07:01.7480 Info JF8MUH652VSBDH mono-sgen 4412 1  NetSCADA.MESReportServer.NLogLogWriter.InfoFormat Topshelf v4.0.0.0, .NET Framework v4.0.30319.42000
2017-03-08 11:07:01.7768 Info JF8MUH652VSBDH mono-sgen 4412 1  NetSCADA.MESReportServer.NLogLogWriter.Info MESReportServer is started
2017-03-08 11:07:01.7809 Info JF8MUH652VSBDH mono-sgen 4412 1  NetSCADA.MESReportServer.NLogLogWriter.Info [Topshelf.Nancy] Starting NancyHost
2017-03-08 11:07:27.8384 Info JF8MUH652VSBDH mono-sgen 4412 1  NetSCADA.MESReportServer.NLogLogWriter.Info [Topshelf.Nancy] NancyHost started
2017-03-08 11:07:27.8386 Info JF8MUH652VSBDH mono-sgen 4412 1  NetSCADA.MESReportServer.NLogLogWriter.InfoFormat The MESReportServer service is now running, press Control+C to exit.
2017-03-08 11:09:15.2228 Info JF8MUH652VSBDH mono-sgen 4412 7 Threadpool worker NetSCADA.MESReportServer.NLogLogWriter.InfoFormat query-cliendId:1,queryId:321,reportName:reportall1,filter:
2017-03-08 11:09:16.5307 Info JF8MUH652VSBDH mono-sgen 4412 16 ManagedPoolThread #3 PMS.Libraries.ToolControls.PMSPublicInfo.Message.LogMsg user:,msg:Start to stop analyse report
2017-03-08 11:09:16.5340 Info JF8MUH652VSBDH mono-sgen 4412 16 ManagedPoolThread #3 PMS.Libraries.ToolControls.PMSPublicInfo.Message.LogMsg user:,msg:Start to set parameter
2017-03-08 11:09:16.5340 Info JF8MUH652VSBDH mono-sgen 4412 16 ManagedPoolThread #3 PMS.Libraries.ToolControls.PMSPublicInfo.Message.LogMsg user:,msg:Finished to set parameter
2017-03-08 11:09:16.5354 Info JF8MUH652VSBDH mono-sgen 4412 16 ManagedPoolThread #3 PMS.Libraries.ToolControls.PMSPublicInfo.Message.LogMsg user:,msg:Start to get data from database
2017-03-08 11:09:16.6335 Error JF8MUH652VSBDH mono-sgen 4412 7 Threadpool worker NetSCADA.MESReportServer.NLogLogWriter.Error message:Column 'RptId' cannot be null,StackTrace:  at MySql.Data.MySqlClient.MySqlStream.ReadPacket () [0x00096] in <0a135c8e4d604d948724bf6960583b7f>:0 
  at MySql.Data.MySqlClient.NativeDriver.GetResult (System.Int32& affectedRow, System.Int64& insertedId) [0x00000] in <0a135c8e4d604d948724bf6960583b7f>:0 
2017-03-08 11:09:16.7440 Info JF8MUH652VSBDH mono-sgen 4412 16 ManagedPoolThread #3 PMS.Libraries.ToolControls.PMSPublicInfo.Message.LogMsg user:,msg:Finished to get data from database
2017-03-08 11:09:16.7440 Info JF8MUH652VSBDH mono-sgen 4412 16 ManagedPoolThread #3 PMS.Libraries.ToolControls.PMSPublicInfo.Message.LogMsg user:,msg:Start to analyse report
2017-03-08 11:09:16.7440 Info JF8MUH652VSBDH mono-sgen 4412 16 ManagedPoolThread #3 PMS.Libraries.ToolControls.PMSPublicInfo.Message.LogMsg user:,msg:Start to analyse report's header
2017-03-08 11:09:16.8112 Info JF8MUH652VSBDH mono-sgen 4412 16 ManagedPoolThread #3 PMS.Libraries.ToolControls.PMSPublicInfo.Message.LogMsg user:,msg:Finished to analyse report's header
2017-03-08 11:09:16.8112 Info JF8MUH652VSBDH mono-sgen 4412 16 ManagedPoolThread #3 PMS.Libraries.ToolControls.PMSPublicInfo.Message.LogMsg user:,msg:Start to analyse page's header
2017-03-08 11:09:16.8119 Info JF8MUH652VSBDH mono-sgen 4412 16 ManagedPoolThread #3 PMS.Libraries.ToolControls.PMSPublicInfo.Message.LogMsg user:,msg:Finished to analyse page's header
2017-03-08 11:09:16.8119 Info JF8MUH652VSBDH mono-sgen 4412 16 ManagedPoolThread #3 PMS.Libraries.ToolControls.PMSPublicInfo.Message.LogMsg user:,msg:Start to analyse report's data
2017-03-08 11:09:17.0396 Info JF8MUH652VSBDH mono-sgen 4412 16 ManagedPoolThread #3 PMS.Libraries.ToolControls.PMSPublicInfo.Message.LogMsg user:,msg:Finished to analyse report's data
2017-03-08 11:09:17.0398 Info JF8MUH652VSBDH mono-sgen 4412 16 ManagedPoolThread #3 PMS.Libraries.ToolControls.PMSPublicInfo.Message.LogMsg user:,msg:Start to analyse page's footer
2017-03-08 11:09:17.0406 Info JF8MUH652VSBDH mono-sgen 4412 16 ManagedPoolThread #3 PMS.Libraries.ToolControls.PMSPublicInfo.Message.LogMsg user:,msg:Finished to analyse page's footer
2017-03-08 11:09:17.0406 Info JF8MUH652VSBDH mono-sgen 4412 16 ManagedPoolThread #3 PMS.Libraries.ToolControls.PMSPublicInfo.Message.LogMsg user:,msg:Start to analyse report's footer
2017-03-08 11:09:17.0406 Info JF8MUH652VSBDH mono-sgen 4412 16 ManagedPoolThread #3 PMS.Libraries.ToolControls.PMSPublicInfo.Message.LogMsg user:,msg:Finished to analyse report's footer
2017-03-08 11:09:17.0417 Info JF8MUH652VSBDH mono-sgen 4412 16 ManagedPoolThread #3 PMS.Libraries.ToolControls.PMSPublicInfo.Message.LogMsg user:,msg:Finished to analyse report
2017-03-08 11:09:17.0527 Info JF8MUH652VSBDH mono-sgen 4412 16 ManagedPoolThread #3 PMS.Libraries.ToolControls.PMSPublicInfo.Message.LogMsg user:,msg:Start to stop export report
2017-03-08 11:09:17.0594 Info JF8MUH652VSBDH mono-sgen 4412 21 ManagedPoolThread #8 PMS.Libraries.ToolControls.PMSPublicInfo.Message.LogMsg user:,msg:Start to export report
2017-03-08 11:09:18.9656 Info JF8MUH652VSBDH mono-sgen 4412 21 ManagedPoolThread #8 PMS.Libraries.ToolControls.PMSPublicInfo.Message.LogMsg user:,msg:Finished to export report
2017-03-08 11:09:18.9863 Info JF8MUH652VSBDH mono-sgen 4412 21 ManagedPoolThread #8 PMS.Libraries.ToolControls.PMSPublicInfo.Message.LogMsg user:,msg:Finished to export report
2017-03-08 11:10:19.2645 Info JF8MUH652VSBDH mono-sgen 4412 8 Threadpool worker NetSCADA.MESReportServer.NLogLogWriter.InfoFormat query-cliendId:11,queryId:3211,reportName:reportall1,filter:
2017-03-08 11:10:24.0771 Info JF8MUH652VSBDH mono-sgen 4412 20 ManagedPoolThread #7 PMS.Libraries.ToolControls.PMSPublicInfo.Message.LogMsg user:,msg:Start to stop analyse report
2017-03-08 11:10:24.0771 Info JF8MUH652VSBDH mono-sgen 4412 20 ManagedPoolThread #7 PMS.Libraries.ToolControls.PMSPublicInfo.Message.LogMsg user:,msg:Start to set parameter
2017-03-08 11:10:24.0771 Info JF8MUH652VSBDH mono-sgen 4412 20 ManagedPoolThread #7 PMS.Libraries.ToolControls.PMSPublicInfo.Message.LogMsg user:,msg:Finished to set parameter
2017-03-08 11:10:24.0777 Info JF8MUH652VSBDH mono-sgen 4412 20 ManagedPoolThread #7 PMS.Libraries.ToolControls.PMSPublicInfo.Message.LogMsg user:,msg:Start to get data from database
2017-03-08 11:10:27.3376 Info JF8MUH652VSBDH mono-sgen 4412 20 ManagedPoolThread #7 PMS.Libraries.ToolControls.PMSPublicInfo.Message.LogMsg user:,msg:Finished to get data from database
2017-03-08 11:10:28.0543 Info JF8MUH652VSBDH mono-sgen 4412 20 ManagedPoolThread #7 PMS.Libraries.ToolControls.PMSPublicInfo.Message.LogMsg user:,msg:Start to analyse report
2017-03-08 11:10:28.0674 Info JF8MUH652VSBDH mono-sgen 4412 20 ManagedPoolThread #7 PMS.Libraries.ToolControls.PMSPublicInfo.Message.LogMsg user:,msg:Start to analyse report's header
2017-03-08 11:10:54.6189 Error JF8MUH652VSBDH mono-sgen 4412 8 Threadpool worker NetSCADA.MESReportServer.NLogLogWriter.Error message:Column 'RptId' cannot be null,StackTrace:  at MySql.Data.MySqlClient.MySqlStream.ReadPacket () [0x00096] in <0a135c8e4d604d948724bf6960583b7f>:0 
  at MySql.Data.MySqlClient.NativeDriver.GetResult (System.Int32& affectedRow, System.Int64& insertedId) [0x00000] in <0a135c8e4d604d948724bf6960583b7f>:0 
2017-03-08 11:10:54.6242 Info JF8MUH652VSBDH mono-sgen 4412 20 ManagedPoolThread #7 PMS.Libraries.ToolControls.PMSPublicInfo.Message.LogMsg user:,msg:Finished to analyse report's header
2017-03-08 11:11:39.1644 Info JF8MUH652VSBDH mono-sgen 4889 1  NetSCADA.MESReportServer.NLogLogWriter.InfoFormat Configuration Result:
[Success] Name MESReportServer
[Success] Description MESReportServerService
[Success] ServiceName MESReportServer
2017-03-08 11:11:39.1802 Info JF8MUH652VSBDH mono-sgen 4889 1  NetSCADA.MESReportServer.NLogLogWriter.InfoFormat Topshelf v4.0.0.0, .NET Framework v4.0.30319.42000
2017-03-08 11:11:39.2116 Info JF8MUH652VSBDH mono-sgen 4889 1  NetSCADA.MESReportServer.NLogLogWriter.Info MESReportServer is started
2017-03-08 11:11:39.2157 Info JF8MUH652VSBDH mono-sgen 4889 1  NetSCADA.MESReportServer.NLogLogWriter.Info [Topshelf.Nancy] Starting NancyHost
2017-03-08 11:12:05.4793 Info JF8MUH652VSBDH mono-sgen 4889 1  NetSCADA.MESReportServer.NLogLogWriter.Info [Topshelf.Nancy] NancyHost started
2017-03-08 11:12:05.4796 Info JF8MUH652VSBDH mono-sgen 4889 1  NetSCADA.MESReportServer.NLogLogWriter.InfoFormat The MESReportServer service is now running, press Control+C to exit.
2017-03-08 11:12:12.7759 Info JF8MUH652VSBDH mono-sgen 4889 7 Threadpool worker NetSCADA.MESReportServer.NLogLogWriter.InfoFormat query-cliendId:11,queryId:3211,reportName:reportall1,filter:
2017-03-08 11:12:14.1742 Info JF8MUH652VSBDH mono-sgen 4889 13 ManagedPoolThread #0 PMS.Libraries.ToolControls.PMSPublicInfo.Message.LogMsg user:,msg:Start to stop analyse report
2017-03-08 11:12:14.1776 Info JF8MUH652VSBDH mono-sgen 4889 13 ManagedPoolThread #0 PMS.Libraries.ToolControls.PMSPublicInfo.Message.LogMsg user:,msg:Start to set parameter
2017-03-08 11:12:14.1776 Info JF8MUH652VSBDH mono-sgen 4889 13 ManagedPoolThread #0 PMS.Libraries.ToolControls.PMSPublicInfo.Message.LogMsg user:,msg:Finished to set parameter
2017-03-08 11:12:14.1790 Info JF8MUH652VSBDH mono-sgen 4889 13 ManagedPoolThread #0 PMS.Libraries.ToolControls.PMSPublicInfo.Message.LogMsg user:,msg:Start to get data from database
2017-03-08 11:13:15.3766 Info JF8MUH652VSBDH mono-sgen 5078 1  NetSCADA.MESReportServer.NLogLogWriter.InfoFormat Configuration Result:
[Success] Name MESReportServer
[Success] Description MESReportServerService
[Success] ServiceName MESReportServer
2017-03-08 11:13:15.3906 Info JF8MUH652VSBDH mono-sgen 5078 1  NetSCADA.MESReportServer.NLogLogWriter.InfoFormat Topshelf v4.0.0.0, .NET Framework v4.0.30319.42000
2017-03-08 11:13:15.4206 Info JF8MUH652VSBDH mono-sgen 5078 1  NetSCADA.MESReportServer.NLogLogWriter.Info MESReportServer is started
2017-03-08 11:13:15.4247 Info JF8MUH652VSBDH mono-sgen 5078 1  NetSCADA.MESReportServer.NLogLogWriter.Info [Topshelf.Nancy] Starting NancyHost
2017-03-08 11:13:41.6364 Info JF8MUH652VSBDH mono-sgen 5078 1  NetSCADA.MESReportServer.NLogLogWriter.Info [Topshelf.Nancy] NancyHost started
2017-03-08 11:13:41.6364 Info JF8MUH652VSBDH mono-sgen 5078 1  NetSCADA.MESReportServer.NLogLogWriter.InfoFormat The MESReportServer service is now running, press Control+C to exit.
2017-03-08 11:13:57.0085 Info JF8MUH652VSBDH mono-sgen 5078 8 Threadpool worker NetSCADA.MESReportServer.NLogLogWriter.InfoFormat query-cliendId:11,queryId:3211,reportName:reportall1,filter:
2017-03-08 11:13:58.3326 Info JF8MUH652VSBDH mono-sgen 5078 13 ManagedPoolThread #0 PMS.Libraries.ToolControls.PMSPublicInfo.Message.LogMsg user:,msg:Start to stop analyse report
2017-03-08 11:13:58.3355 Info JF8MUH652VSBDH mono-sgen 5078 13 ManagedPoolThread #0 PMS.Libraries.ToolControls.PMSPublicInfo.Message.LogMsg user:,msg:Start to set parameter
2017-03-08 11:13:58.3355 Info JF8MUH652VSBDH mono-sgen 5078 13 ManagedPoolThread #0 PMS.Libraries.ToolControls.PMSPublicInfo.Message.LogMsg user:,msg:Finished to set parameter
2017-03-08 11:13:58.3365 Info JF8MUH652VSBDH mono-sgen 5078 13 ManagedPoolThread #0 PMS.Libraries.ToolControls.PMSPublicInfo.Message.LogMsg user:,msg:Start to get data from database
2017-03-08 11:16:15.3620 Info JF8MUH652VSBDH mono-sgen 5078 13 ManagedPoolThread #0 PMS.Libraries.ToolControls.PMSPublicInfo.Message.LogMsg user:,msg:Finished to get data from database
2017-03-08 11:16:15.3620 Info JF8MUH652VSBDH mono-sgen 5078 13 ManagedPoolThread #0 PMS.Libraries.ToolControls.PMSPublicInfo.Message.LogMsg user:,msg:Start to analyse report
2017-03-08 11:16:15.3627 Info JF8MUH652VSBDH mono-sgen 5078 13 ManagedPoolThread #0 PMS.Libraries.ToolControls.PMSPublicInfo.Message.LogMsg user:,msg:Start to analyse report's header
2017-03-08 11:16:15.4294 Info JF8MUH652VSBDH mono-sgen 5078 13 ManagedPoolThread #0 PMS.Libraries.ToolControls.PMSPublicInfo.Message.LogMsg user:,msg:Finished to analyse report's header
2017-03-08 11:16:15.4294 Info JF8MUH652VSBDH mono-sgen 5078 13 ManagedPoolThread #0 PMS.Libraries.ToolControls.PMSPublicInfo.Message.LogMsg user:,msg:Start to analyse page's header
2017-03-08 11:16:15.4294 Info JF8MUH652VSBDH mono-sgen 5078 13 ManagedPoolThread #0 PMS.Libraries.ToolControls.PMSPublicInfo.Message.LogMsg user:,msg:Finished to analyse page's header
2017-03-08 11:16:15.4294 Info JF8MUH652VSBDH mono-sgen 5078 13 ManagedPoolThread #0 PMS.Libraries.ToolControls.PMSPublicInfo.Message.LogMsg user:,msg:Start to analyse report's data
2017-03-08 11:16:15.6837 Info JF8MUH652VSBDH mono-sgen 5078 13 ManagedPoolThread #0 PMS.Libraries.ToolControls.PMSPublicInfo.Message.LogMsg user:,msg:Finished to analyse report's data
2017-03-08 11:16:15.6837 Info JF8MUH652VSBDH mono-sgen 5078 13 ManagedPoolThread #0 PMS.Libraries.ToolControls.PMSPublicInfo.Message.LogMsg user:,msg:Start to analyse page's footer
2017-03-08 11:16:15.6847 Info JF8MUH652VSBDH mono-sgen 5078 13 ManagedPoolThread #0 PMS.Libraries.ToolControls.PMSPublicInfo.Message.LogMsg user:,msg:Finished to analyse page's footer
2017-03-08 11:16:15.6847 Info JF8MUH652VSBDH mono-sgen 5078 13 ManagedPoolThread #0 PMS.Libraries.ToolControls.PMSPublicInfo.Message.LogMsg user:,msg:Start to analyse report's footer
2017-03-08 11:16:15.6855 Info JF8MUH652VSBDH mono-sgen 5078 13 ManagedPoolThread #0 PMS.Libraries.ToolControls.PMSPublicInfo.Message.LogMsg user:,msg:Finished to analyse report's footer
2017-03-08 11:16:15.6855 Info JF8MUH652VSBDH mono-sgen 5078 13 ManagedPoolThread #0 PMS.Libraries.ToolControls.PMSPublicInfo.Message.LogMsg user:,msg:Finished to analyse report
2017-03-08 11:16:15.6935 Info JF8MUH652VSBDH mono-sgen 5078 13 ManagedPoolThread #0 PMS.Libraries.ToolControls.PMSPublicInfo.Message.LogMsg user:,msg:Start to stop export report
2017-03-08 11:16:15.6994 Info JF8MUH652VSBDH mono-sgen 5078 18 ManagedPoolThread #5 PMS.Libraries.ToolControls.PMSPublicInfo.Message.LogMsg user:,msg:Start to export report
2017-03-08 11:16:17.6399 Info JF8MUH652VSBDH mono-sgen 5078 18 ManagedPoolThread #5 PMS.Libraries.ToolControls.PMSPublicInfo.Message.LogMsg user:,msg:Finished to export report
2017-03-08 11:16:17.6518 Info JF8MUH652VSBDH mono-sgen 5078 18 ManagedPoolThread #5 PMS.Libraries.ToolControls.PMSPublicInfo.Message.LogMsg user:,msg:Finished to export report
2017-03-08 11:23:16.9877 Info JF8MUH652VSBDH mono-sgen 5487 1  NetSCADA.MESReportServer.NLogLogWriter.InfoFormat Configuration Result:
[Success] Name MESReportServer
[Success] Description MESReportServerService
[Success] ServiceName MESReportServer
2017-03-08 11:23:17.0024 Info JF8MUH652VSBDH mono-sgen 5487 1  NetSCADA.MESReportServer.NLogLogWriter.InfoFormat Topshelf v4.0.0.0, .NET Framework v4.0.30319.42000
2017-03-08 11:23:17.0311 Info JF8MUH652VSBDH mono-sgen 5487 1  NetSCADA.MESReportServer.NLogLogWriter.Info MESReportServer is started
2017-03-08 11:23:17.0351 Info JF8MUH652VSBDH mono-sgen 5487 1  NetSCADA.MESReportServer.NLogLogWriter.Info [Topshelf.Nancy] Starting NancyHost
2017-03-08 11:23:43.1130 Info JF8MUH652VSBDH mono-sgen 5487 1  NetSCADA.MESReportServer.NLogLogWriter.Info [Topshelf.Nancy] NancyHost started
2017-03-08 11:23:43.1135 Info JF8MUH652VSBDH mono-sgen 5487 1  NetSCADA.MESReportServer.NLogLogWriter.InfoFormat The MESReportServer service is now running, press Control+C to exit.
2017-03-08 11:25:38.4889 Info JF8MUH652VSBDH mono-sgen 5487 6 Threadpool worker NetSCADA.MESReportServer.NLogLogWriter.InfoFormat query-cliendId:11,queryId:3211,reportName:reportall1,filter:
2017-03-08 11:25:39.7570 Info JF8MUH652VSBDH mono-sgen 5487 22 ManagedPoolThread #8 PMS.Libraries.ToolControls.PMSPublicInfo.Message.LogMsg user:,msg:Start to stop analyse report
2017-03-08 11:25:39.7597 Info JF8MUH652VSBDH mono-sgen 5487 22 ManagedPoolThread #8 PMS.Libraries.ToolControls.PMSPublicInfo.Message.LogMsg user:,msg:Start to set parameter
2017-03-08 11:25:39.7606 Info JF8MUH652VSBDH mono-sgen 5487 22 ManagedPoolThread #8 PMS.Libraries.ToolControls.PMSPublicInfo.Message.LogMsg user:,msg:Finished to set parameter
2017-03-08 11:25:39.7616 Info JF8MUH652VSBDH mono-sgen 5487 22 ManagedPoolThread #8 PMS.Libraries.ToolControls.PMSPublicInfo.Message.LogMsg user:,msg:Start to get data from database
2017-03-08 11:25:52.9594 Info JF8MUH652VSBDH mono-sgen 5487 22 ManagedPoolThread #8 PMS.Libraries.ToolControls.PMSPublicInfo.Message.LogMsg user:,msg:Finished to get data from database
2017-03-08 11:25:52.9594 Info JF8MUH652VSBDH mono-sgen 5487 22 ManagedPoolThread #8 PMS.Libraries.ToolControls.PMSPublicInfo.Message.LogMsg user:,msg:Start to analyse report
2017-03-08 11:25:52.9603 Info JF8MUH652VSBDH mono-sgen 5487 22 ManagedPoolThread #8 PMS.Libraries.ToolControls.PMSPublicInfo.Message.LogMsg user:,msg:Start to analyse report's header
2017-03-08 11:25:53.0341 Info JF8MUH652VSBDH mono-sgen 5487 22 ManagedPoolThread #8 PMS.Libraries.ToolControls.PMSPublicInfo.Message.LogMsg user:,msg:Finished to analyse report's header
2017-03-08 11:25:53.0341 Info JF8MUH652VSBDH mono-sgen 5487 22 ManagedPoolThread #8 PMS.Libraries.ToolControls.PMSPublicInfo.Message.LogMsg user:,msg:Start to analyse page's header
2017-03-08 11:25:53.0353 Info JF8MUH652VSBDH mono-sgen 5487 22 ManagedPoolThread #8 PMS.Libraries.ToolControls.PMSPublicInfo.Message.LogMsg user:,msg:Finished to analyse page's header
2017-03-08 11:25:53.0353 Info JF8MUH652VSBDH mono-sgen 5487 22 ManagedPoolThread #8 PMS.Libraries.ToolControls.PMSPublicInfo.Message.LogMsg user:,msg:Start to analyse report's data
2017-03-08 11:25:53.2885 Info JF8MUH652VSBDH mono-sgen 5487 22 ManagedPoolThread #8 PMS.Libraries.ToolControls.PMSPublicInfo.Message.LogMsg user:,msg:Finished to analyse report's data
2017-03-08 11:25:53.2885 Info JF8MUH652VSBDH mono-sgen 5487 22 ManagedPoolThread #8 PMS.Libraries.ToolControls.PMSPublicInfo.Message.LogMsg user:,msg:Start to analyse page's footer
2017-03-08 11:25:53.2898 Info JF8MUH652VSBDH mono-sgen 5487 22 ManagedPoolThread #8 PMS.Libraries.ToolControls.PMSPublicInfo.Message.LogMsg user:,msg:Finished to analyse page's footer
2017-03-08 11:25:53.2898 Info JF8MUH652VSBDH mono-sgen 5487 22 ManagedPoolThread #8 PMS.Libraries.ToolControls.PMSPublicInfo.Message.LogMsg user:,msg:Start to analyse report's footer
2017-03-08 11:25:53.2910 Info JF8MUH652VSBDH mono-sgen 5487 22 ManagedPoolThread #8 PMS.Libraries.ToolControls.PMSPublicInfo.Message.LogMsg user:,msg:Finished to analyse report's footer
2017-03-08 11:25:53.2910 Info JF8MUH652VSBDH mono-sgen 5487 22 ManagedPoolThread #8 PMS.Libraries.ToolControls.PMSPublicInfo.Message.LogMsg user:,msg:Finished to analyse report
2017-03-08 11:25:53.2987 Info JF8MUH652VSBDH mono-sgen 5487 22 ManagedPoolThread #8 PMS.Libraries.ToolControls.PMSPublicInfo.Message.LogMsg user:,msg:Start to stop export report
2017-03-08 11:25:53.3037 Info JF8MUH652VSBDH mono-sgen 5487 21 ManagedPoolThread #7 PMS.Libraries.ToolControls.PMSPublicInfo.Message.LogMsg user:,msg:Start to export report
2017-03-08 11:25:55.2378 Info JF8MUH652VSBDH mono-sgen 5487 21 ManagedPoolThread #7 PMS.Libraries.ToolControls.PMSPublicInfo.Message.LogMsg user:,msg:Finished to export report
2017-03-08 11:25:55.2577 Info JF8MUH652VSBDH mono-sgen 5487 21 ManagedPoolThread #7 PMS.Libraries.ToolControls.PMSPublicInfo.Message.LogMsg user:,msg:Finished to export report
2017-03-08 11:26:24.4252 Info JF8MUH652VSBDH mono-sgen 5487 11 Threadpool worker NetSCADA.MESReportServer.NLogLogWriter.InfoFormat query-cliendId:11,queryId:3211,reportName:reportall1,filter:
2017-03-08 14:23:19.8646 Info JF8MUH652VSBDH mono-sgen 5359 1  NetSCADA.MESReportServer.NLogLogWriter.InfoFormat Configuration Result:
[Success] Name MESReportServer
[Success] Description MESReportServerService
[Success] ServiceName MESReportServer
2017-03-08 14:23:19.8765 Info JF8MUH652VSBDH mono-sgen 5359 1  NetSCADA.MESReportServer.NLogLogWriter.InfoFormat Topshelf v4.0.0.0, .NET Framework v4.0.30319.42000
2017-03-08 14:23:19.9041 Info JF8MUH652VSBDH mono-sgen 5359 1  NetSCADA.MESReportServer.NLogLogWriter.Info MESReportServer is started
2017-03-08 14:23:19.9081 Info JF8MUH652VSBDH mono-sgen 5359 1  NetSCADA.MESReportServer.NLogLogWriter.Info [Topshelf.Nancy] Starting NancyHost
2017-03-08 14:23:49.9971 Info JF8MUH652VSBDH mono-sgen 5359 1  NetSCADA.MESReportServer.NLogLogWriter.Info [Topshelf.Nancy] NancyHost started
2017-03-08 14:23:49.9971 Info JF8MUH652VSBDH mono-sgen 5359 1  NetSCADA.MESReportServer.NLogLogWriter.InfoFormat The MESReportServer service is now running, press Control+C to exit.
2017-03-08 14:26:31.0096 Info JF8MUH652VSBDH mono-sgen 5359 11 Threadpool worker NetSCADA.MESReportServer.NLogLogWriter.InfoFormat exportquery-cliendId:11,queryId:3211,reportName:reportall1
2017-03-08 14:26:35.6833 Info JF8MUH652VSBDH mono-sgen 5359 19 ManagedPoolThread #2 PMS.Libraries.ToolControls.PMSPublicInfo.Message.LogMsg user:,msg:Start to stop analyse report
2017-03-08 14:26:35.6869 Info JF8MUH652VSBDH mono-sgen 5359 19 ManagedPoolThread #2 PMS.Libraries.ToolControls.PMSPublicInfo.Message.LogMsg user:,msg:Start to set parameter
2017-03-08 14:26:35.6869 Info JF8MUH652VSBDH mono-sgen 5359 19 ManagedPoolThread #2 PMS.Libraries.ToolControls.PMSPublicInfo.Message.LogMsg user:,msg:Finished to set parameter
2017-03-08 14:26:35.6882 Info JF8MUH652VSBDH mono-sgen 5359 19 ManagedPoolThread #2 PMS.Libraries.ToolControls.PMSPublicInfo.Message.LogMsg user:,msg:Start to get data from database
2017-03-08 14:26:35.8774 Info JF8MUH652VSBDH mono-sgen 5359 19 ManagedPoolThread #2 PMS.Libraries.ToolControls.PMSPublicInfo.Message.LogMsg user:,msg:Finished to get data from database
2017-03-08 14:26:35.8777 Info JF8MUH652VSBDH mono-sgen 5359 19 ManagedPoolThread #2 PMS.Libraries.ToolControls.PMSPublicInfo.Message.LogMsg user:,msg:Start to analyse report
2017-03-08 14:26:35.8777 Info JF8MUH652VSBDH mono-sgen 5359 19 ManagedPoolThread #2 PMS.Libraries.ToolControls.PMSPublicInfo.Message.LogMsg user:,msg:Start to analyse report's header
2017-03-08 14:26:35.9441 Info JF8MUH652VSBDH mono-sgen 5359 19 ManagedPoolThread #2 PMS.Libraries.ToolControls.PMSPublicInfo.Message.LogMsg user:,msg:Finished to analyse report's header
2017-03-08 14:26:35.9441 Info JF8MUH652VSBDH mono-sgen 5359 19 ManagedPoolThread #2 PMS.Libraries.ToolControls.PMSPublicInfo.Message.LogMsg user:,msg:Start to analyse page's header
2017-03-08 14:26:35.9448 Info JF8MUH652VSBDH mono-sgen 5359 19 ManagedPoolThread #2 PMS.Libraries.ToolControls.PMSPublicInfo.Message.LogMsg user:,msg:Finished to analyse page's header
2017-03-08 14:26:35.9448 Info JF8MUH652VSBDH mono-sgen 5359 19 ManagedPoolThread #2 PMS.Libraries.ToolControls.PMSPublicInfo.Message.LogMsg user:,msg:Start to analyse report's data
2017-03-08 14:26:36.1643 Info JF8MUH652VSBDH mono-sgen 5359 19 ManagedPoolThread #2 PMS.Libraries.ToolControls.PMSPublicInfo.Message.LogMsg user:,msg:Finished to analyse report's data
2017-03-08 14:26:36.1643 Info JF8MUH652VSBDH mono-sgen 5359 19 ManagedPoolThread #2 PMS.Libraries.ToolControls.PMSPublicInfo.Message.LogMsg user:,msg:Start to analyse page's footer
2017-03-08 14:26:36.1652 Info JF8MUH652VSBDH mono-sgen 5359 19 ManagedPoolThread #2 PMS.Libraries.ToolControls.PMSPublicInfo.Message.LogMsg user:,msg:Finished to analyse page's footer
2017-03-08 14:26:36.1652 Info JF8MUH652VSBDH mono-sgen 5359 19 ManagedPoolThread #2 PMS.Libraries.ToolControls.PMSPublicInfo.Message.LogMsg user:,msg:Start to analyse report's footer
2017-03-08 14:26:36.1659 Info JF8MUH652VSBDH mono-sgen 5359 19 ManagedPoolThread #2 PMS.Libraries.ToolControls.PMSPublicInfo.Message.LogMsg user:,msg:Finished to analyse report's footer
2017-03-08 14:26:36.1659 Info JF8MUH652VSBDH mono-sgen 5359 19 ManagedPoolThread #2 PMS.Libraries.ToolControls.PMSPublicInfo.Message.LogMsg user:,msg:Finished to analyse report
2017-03-08 14:26:36.1734 Info JF8MUH652VSBDH mono-sgen 5359 19 ManagedPoolThread #2 PMS.Libraries.ToolControls.PMSPublicInfo.Message.LogMsg user:,msg:Start to stop export report
2017-03-08 14:26:36.1825 Info JF8MUH652VSBDH mono-sgen 5359 21 ManagedPoolThread #4 PMS.Libraries.ToolControls.PMSPublicInfo.Message.LogMsg user:,msg:Start to export report
2017-03-08 14:26:37.2057 Info JF8MUH652VSBDH mono-sgen 5359 21 ManagedPoolThread #4 PMS.Libraries.ToolControls.PMSPublicInfo.Message.LogMsg user:,msg:Finished to export report
2017-03-08 14:26:37.2255 Info JF8MUH652VSBDH mono-sgen 5359 21 ManagedPoolThread #4 PMS.Libraries.ToolControls.PMSPublicInfo.Message.LogMsg user:,msg:Finished to export report
2017-03-08 14:40:00.6943 Info JF8MUH652VSBDH mono-sgen 5359 17 ManagedPoolThread #0 PMS.Libraries.ToolControls.PMSPublicInfo.Message.LogMsg user:,msg:Start to stop analyse report
2017-03-08 14:40:00.6972 Info JF8MUH652VSBDH mono-sgen 5359 17 ManagedPoolThread #0 PMS.Libraries.ToolControls.PMSPublicInfo.Message.LogMsg user:,msg:Start to set parameter
2017-03-08 14:40:00.6972 Info JF8MUH652VSBDH mono-sgen 5359 17 ManagedPoolThread #0 PMS.Libraries.ToolControls.PMSPublicInfo.Message.LogMsg user:,msg:Finished to set parameter
2017-03-08 14:40:00.6977 Info JF8MUH652VSBDH mono-sgen 5359 17 ManagedPoolThread #0 PMS.Libraries.ToolControls.PMSPublicInfo.Message.LogMsg user:,msg:Start to get data from database
2017-03-08 14:40:00.7623 Info JF8MUH652VSBDH mono-sgen 5359 17 ManagedPoolThread #0 PMS.Libraries.ToolControls.PMSPublicInfo.Message.LogMsg user:,msg:Finished to get data from database
2017-03-08 14:40:00.7623 Info JF8MUH652VSBDH mono-sgen 5359 17 ManagedPoolThread #0 PMS.Libraries.ToolControls.PMSPublicInfo.Message.LogMsg user:,msg:Start to analyse report
2017-03-08 14:40:00.7627 Info JF8MUH652VSBDH mono-sgen 5359 17 ManagedPoolThread #0 PMS.Libraries.ToolControls.PMSPublicInfo.Message.LogMsg user:,msg:Start to analyse report's header
2017-03-08 14:40:00.8678 Info JF8MUH652VSBDH mono-sgen 5359 17 ManagedPoolThread #0 PMS.Libraries.ToolControls.PMSPublicInfo.Message.LogMsg user:,msg:Finished to analyse report's header
2017-03-08 14:40:00.8678 Info JF8MUH652VSBDH mono-sgen 5359 17 ManagedPoolThread #0 PMS.Libraries.ToolControls.PMSPublicInfo.Message.LogMsg user:,msg:Start to analyse page's header
2017-03-08 14:40:00.8863 Info JF8MUH652VSBDH mono-sgen 5359 17 ManagedPoolThread #0 PMS.Libraries.ToolControls.PMSPublicInfo.Message.LogMsg user:,msg:Finished to analyse page's header
2017-03-08 14:40:00.8867 Info JF8MUH652VSBDH mono-sgen 5359 17 ManagedPoolThread #0 PMS.Libraries.ToolControls.PMSPublicInfo.Message.LogMsg user:,msg:Start to analyse report's data
2017-03-08 14:40:00.9485 Info JF8MUH652VSBDH mono-sgen 5359 17 ManagedPoolThread #0 PMS.Libraries.ToolControls.PMSPublicInfo.Message.LogMsg user:,msg:Finished to analyse report's data
2017-03-08 14:40:00.9488 Info JF8MUH652VSBDH mono-sgen 5359 17 ManagedPoolThread #0 PMS.Libraries.ToolControls.PMSPublicInfo.Message.LogMsg user:,msg:Start to analyse page's footer
2017-03-08 14:40:00.9488 Info JF8MUH652VSBDH mono-sgen 5359 17 ManagedPoolThread #0 PMS.Libraries.ToolControls.PMSPublicInfo.Message.LogMsg user:,msg:Finished to analyse page's footer
2017-03-08 14:40:00.9496 Info JF8MUH652VSBDH mono-sgen 5359 17 ManagedPoolThread #0 PMS.Libraries.ToolControls.PMSPublicInfo.Message.LogMsg user:,msg:Start to analyse report's footer
2017-03-08 14:40:00.9496 Info JF8MUH652VSBDH mono-sgen 5359 17 ManagedPoolThread #0 PMS.Libraries.ToolControls.PMSPublicInfo.Message.LogMsg user:,msg:Finished to analyse report's footer
2017-03-08 14:40:00.9496 Info JF8MUH652VSBDH mono-sgen 5359 17 ManagedPoolThread #0 PMS.Libraries.ToolControls.PMSPublicInfo.Message.LogMsg user:,msg:Finished to analyse report
2017-03-08 14:40:00.9509 Info JF8MUH652VSBDH mono-sgen 5359 17 ManagedPoolThread #0 PMS.Libraries.ToolControls.PMSPublicInfo.Message.LogMsg user:,msg:Start to stop export report
2017-03-08 14:40:00.9509 Info JF8MUH652VSBDH mono-sgen 5359 22 ManagedPoolThread #5 PMS.Libraries.ToolControls.PMSPublicInfo.Message.LogMsg user:,msg:Start to export report
2017-03-08 14:40:01.6637 Info JF8MUH652VSBDH mono-sgen 5359 22 ManagedPoolThread #5 PMS.Libraries.ToolControls.PMSPublicInfo.Message.LogMsg user:,msg:Finished to export report
2017-03-08 14:40:01.6637 Info JF8MUH652VSBDH mono-sgen 5359 22 ManagedPoolThread #5 PMS.Libraries.ToolControls.PMSPublicInfo.Message.LogMsg user:,msg:Finished to export report
2017-03-08 14:53:42.8909 Info JF8MUH652VSBDH mono-sgen 7425 1  NetSCADA.MESReportServer.NLogLogWriter.InfoFormat Configuration Result:
[Success] Name MESReportServer
[Success] Description MESReportServerService
[Success] ServiceName MESReportServer
2017-03-08 14:53:42.9046 Info JF8MUH652VSBDH mono-sgen 7425 1  NetSCADA.MESReportServer.NLogLogWriter.InfoFormat Topshelf v4.0.0.0, .NET Framework v4.0.30319.42000
2017-03-08 14:53:42.9312 Info JF8MUH652VSBDH mono-sgen 7425 1  NetSCADA.MESReportServer.NLogLogWriter.Info MESReportServer is started
2017-03-08 14:53:42.9349 Info JF8MUH652VSBDH mono-sgen 7425 1  NetSCADA.MESReportServer.NLogLogWriter.Info [Topshelf.Nancy] Starting NancyHost
2017-03-08 14:54:09.6084 Info JF8MUH652VSBDH mono-sgen 7425 1  NetSCADA.MESReportServer.NLogLogWriter.Info [Topshelf.Nancy] NancyHost started
2017-03-08 14:54:09.6084 Info JF8MUH652VSBDH mono-sgen 7425 1  NetSCADA.MESReportServer.NLogLogWriter.InfoFormat The MESReportServer service is now running, press Control+C to exit.
2017-03-08 15:04:41.1954 Info JF8MUH652VSBDH mono-sgen 7788 1  NetSCADA.MESReportServer.NLogLogWriter.InfoFormat Configuration Result:
[Success] Name MESReportServer
[Success] Description MESReportServerService
[Success] ServiceName MESReportServer
2017-03-08 15:04:41.2078 Info JF8MUH652VSBDH mono-sgen 7788 1  NetSCADA.MESReportServer.NLogLogWriter.InfoFormat Topshelf v4.0.0.0, .NET Framework v4.0.30319.42000
2017-03-08 15:04:41.2362 Info JF8MUH652VSBDH mono-sgen 7788 1  NetSCADA.MESReportServer.NLogLogWriter.Info MESReportServer is started
2017-03-08 15:04:41.2408 Info JF8MUH652VSBDH mono-sgen 7788 1  NetSCADA.MESReportServer.NLogLogWriter.Info [Topshelf.Nancy] Starting NancyHost
2017-03-08 15:05:07.5180 Info JF8MUH652VSBDH mono-sgen 7788 1  NetSCADA.MESReportServer.NLogLogWriter.Info [Topshelf.Nancy] NancyHost started
2017-03-08 15:05:07.5186 Info JF8MUH652VSBDH mono-sgen 7788 1  NetSCADA.MESReportServer.NLogLogWriter.InfoFormat The MESReportServer service is now running, press Control+C to exit.
2017-03-08 15:11:12.2039 Info JF8MUH652VSBDH mono-sgen 8063 1  NetSCADA.MESReportServer.NLogLogWriter.InfoFormat Configuration Result:
[Success] Name MESReportServer
[Success] Description MESReportServerService
[Success] ServiceName MESReportServer
2017-03-08 15:11:12.2181 Info JF8MUH652VSBDH mono-sgen 8063 1  NetSCADA.MESReportServer.NLogLogWriter.InfoFormat Topshelf v4.0.0.0, .NET Framework v4.0.30319.42000
2017-03-08 15:11:12.2456 Info JF8MUH652VSBDH mono-sgen 8063 1  NetSCADA.MESReportServer.NLogLogWriter.Info MESReportServer is started
2017-03-08 15:11:12.2492 Info JF8MUH652VSBDH mono-sgen 8063 1  NetSCADA.MESReportServer.NLogLogWriter.Info [Topshelf.Nancy] Starting NancyHost
2017-03-08 15:11:39.7814 Info JF8MUH652VSBDH mono-sgen 8063 1  NetSCADA.MESReportServer.NLogLogWriter.Info [Topshelf.Nancy] NancyHost started
2017-03-08 15:11:39.7814 Info JF8MUH652VSBDH mono-sgen 8063 1  NetSCADA.MESReportServer.NLogLogWriter.InfoFormat The MESReportServer service is now running, press Control+C to exit.
2017-03-08 15:33:53.3284 Info JF8MUH652VSBDH mono-sgen 8368 1  NetSCADA.MESReportServer.NLogLogWriter.InfoFormat Configuration Result:
[Success] Name MESReportServer
[Success] Description MESReportServerService
[Success] ServiceName MESReportServer
2017-03-08 15:33:53.3423 Info JF8MUH652VSBDH mono-sgen 8368 1  NetSCADA.MESReportServer.NLogLogWriter.InfoFormat Topshelf v4.0.0.0, .NET Framework v4.0.30319.42000
2017-03-08 15:33:53.3701 Info JF8MUH652VSBDH mono-sgen 8368 1  NetSCADA.MESReportServer.NLogLogWriter.Info MESReportServer is started
2017-03-08 15:33:53.3734 Info JF8MUH652VSBDH mono-sgen 8368 1  NetSCADA.MESReportServer.NLogLogWriter.Info [Topshelf.Nancy] Starting NancyHost
2017-03-08 15:34:20.9039 Info JF8MUH652VSBDH mono-sgen 8368 1  NetSCADA.MESReportServer.NLogLogWriter.Info [Topshelf.Nancy] NancyHost started
2017-03-08 15:34:20.9039 Info JF8MUH652VSBDH mono-sgen 8368 1  NetSCADA.MESReportServer.NLogLogWriter.InfoFormat The MESReportServer service is now running, press Control+C to exit.
2017-03-08 15:36:04.3993 Info JF8MUH652VSBDH mono-sgen 8474 1  NetSCADA.MESReportServer.NLogLogWriter.InfoFormat Configuration Result:
[Success] Name MESReportServer
[Success] Description MESReportServerService
[Success] ServiceName MESReportServer
2017-03-08 15:36:04.4122 Info JF8MUH652VSBDH mono-sgen 8474 1  NetSCADA.MESReportServer.NLogLogWriter.InfoFormat Topshelf v4.0.0.0, .NET Framework v4.0.30319.42000
2017-03-08 15:36:04.4405 Info JF8MUH652VSBDH mono-sgen 8474 1  NetSCADA.MESReportServer.NLogLogWriter.Info MESReportServer is started
2017-03-08 15:36:04.4442 Info JF8MUH652VSBDH mono-sgen 8474 1  NetSCADA.MESReportServer.NLogLogWriter.Info [Topshelf.Nancy] Starting NancyHost
2017-03-08 15:36:31.0576 Info JF8MUH652VSBDH mono-sgen 8474 1  NetSCADA.MESReportServer.NLogLogWriter.Info [Topshelf.Nancy] NancyHost started
2017-03-08 15:36:31.0582 Info JF8MUH652VSBDH mono-sgen 8474 1  NetSCADA.MESReportServer.NLogLogWriter.InfoFormat The MESReportServer service is now running, press Control+C to exit.
2017-03-08 16:11:06.8060 Info JF8MUH652VSBDH mono-sgen 9068 1  NetSCADA.MESReportServer.NLogLogWriter.InfoFormat Configuration Result:
[Success] Name MESReportServer
[Success] Description MESReportServerService
[Success] ServiceName MESReportServer
2017-03-08 16:11:06.8206 Info JF8MUH652VSBDH mono-sgen 9068 1  NetSCADA.MESReportServer.NLogLogWriter.InfoFormat Topshelf v4.0.0.0, .NET Framework v4.0.30319.42000
2017-03-08 16:11:06.8478 Info JF8MUH652VSBDH mono-sgen 9068 1  NetSCADA.MESReportServer.NLogLogWriter.Info MESReportServer is started
2017-03-08 16:11:06.8516 Info JF8MUH652VSBDH mono-sgen 9068 1  NetSCADA.MESReportServer.NLogLogWriter.Info [Topshelf.Nancy] Starting NancyHost
2017-03-08 16:11:34.3763 Info JF8MUH652VSBDH mono-sgen 9068 1  NetSCADA.MESReportServer.NLogLogWriter.Info [Topshelf.Nancy] NancyHost started
2017-03-08 16:11:34.3763 Info JF8MUH652VSBDH mono-sgen 9068 1  NetSCADA.MESReportServer.NLogLogWriter.InfoFormat The MESReportServer service is now running, press Control+C to exit.
2017-03-08 16:18:02.1650 Info JF8MUH652VSBDH mono-sgen 9255 1  NetSCADA.MESReportServer.NLogLogWriter.InfoFormat Configuration Result:
[Success] Name MESReportServer
[Success] Description MESReportServerService
[Success] ServiceName MESReportServer
2017-03-08 16:18:02.1778 Info JF8MUH652VSBDH mono-sgen 9255 1  NetSCADA.MESReportServer.NLogLogWriter.InfoFormat Topshelf v4.0.0.0, .NET Framework v4.0.30319.42000
2017-03-08 16:18:02.2046 Info JF8MUH652VSBDH mono-sgen 9255 1  NetSCADA.MESReportServer.NLogLogWriter.Info MESReportServer is started
2017-03-08 16:18:02.2079 Info JF8MUH652VSBDH mono-sgen 9255 1  NetSCADA.MESReportServer.NLogLogWriter.Info [Topshelf.Nancy] Starting NancyHost
2017-03-08 16:18:29.7358 Info JF8MUH652VSBDH mono-sgen 9255 1  NetSCADA.MESReportServer.NLogLogWriter.Info [Topshelf.Nancy] NancyHost started
2017-03-08 16:18:29.7358 Info JF8MUH652VSBDH mono-sgen 9255 1  NetSCADA.MESReportServer.NLogLogWriter.InfoFormat The MESReportServer service is now running, press Control+C to exit.
2017-03-08 16:30:40.9357 Info JF8MUH652VSBDH mono-sgen 9530 1  NetSCADA.MESReportServer.NLogLogWriter.InfoFormat Configuration Result:
[Success] Name MESReportServer
[Success] Description MESReportServerService
[Success] ServiceName MESReportServer
2017-03-08 16:30:40.9491 Info JF8MUH652VSBDH mono-sgen 9530 1  NetSCADA.MESReportServer.NLogLogWriter.InfoFormat Topshelf v4.0.0.0, .NET Framework v4.0.30319.42000
2017-03-08 16:30:40.9730 Info JF8MUH652VSBDH mono-sgen 9530 1  NetSCADA.MESReportServer.NLogLogWriter.Info MESReportServer is started
2017-03-08 16:30:40.9772 Info JF8MUH652VSBDH mono-sgen 9530 1  NetSCADA.MESReportServer.NLogLogWriter.Info [Topshelf.Nancy] Starting NancyHost
2017-03-08 16:31:07.5091 Info JF8MUH652VSBDH mono-sgen 9530 1  NetSCADA.MESReportServer.NLogLogWriter.Info [Topshelf.Nancy] NancyHost started
2017-03-08 16:31:07.5097 Info JF8MUH652VSBDH mono-sgen 9530 1  NetSCADA.MESReportServer.NLogLogWriter.InfoFormat The MESReportServer service is now running, press Control+C to exit.
2017-03-08 16:34:24.2877 Info JF8MUH652VSBDH mono-sgen 9701 1  NetSCADA.MESReportServer.NLogLogWriter.InfoFormat Configuration Result:
[Success] Name MESReportServer
[Success] Description MESReportServerService
[Success] ServiceName MESReportServer
2017-03-08 16:34:24.3025 Info JF8MUH652VSBDH mono-sgen 9701 1  NetSCADA.MESReportServer.NLogLogWriter.InfoFormat Topshelf v4.0.0.0, .NET Framework v4.0.30319.42000
2017-03-08 16:34:24.3321 Info JF8MUH652VSBDH mono-sgen 9701 1  NetSCADA.MESReportServer.NLogLogWriter.Info MESReportServer is started
2017-03-08 16:34:24.3361 Info JF8MUH652VSBDH mono-sgen 9701 1  NetSCADA.MESReportServer.NLogLogWriter.Info [Topshelf.Nancy] Starting NancyHost
2017-03-08 16:34:51.8640 Info JF8MUH652VSBDH mono-sgen 9701 1  NetSCADA.MESReportServer.NLogLogWriter.Info [Topshelf.Nancy] NancyHost started
2017-03-08 16:34:51.8640 Info JF8MUH652VSBDH mono-sgen 9701 1  NetSCADA.MESReportServer.NLogLogWriter.InfoFormat The MESReportServer service is now running, press Control+C to exit.
2017-03-08 16:40:34.4932 Info JF8MUH652VSBDH mono-sgen 9850 1  NetSCADA.MESReportServer.NLogLogWriter.InfoFormat Configuration Result:
[Success] Name MESReportServer
[Success] Description MESReportServerService
[Success] ServiceName MESReportServer
2017-03-08 16:40:34.5092 Info JF8MUH652VSBDH mono-sgen 9850 1  NetSCADA.MESReportServer.NLogLogWriter.InfoFormat Topshelf v4.0.0.0, .NET Framework v4.0.30319.42000
2017-03-08 16:40:34.5333 Info JF8MUH652VSBDH mono-sgen 9850 1  NetSCADA.MESReportServer.NLogLogWriter.Info MESReportServer is started
2017-03-08 16:40:34.5362 Info JF8MUH652VSBDH mono-sgen 9850 1  NetSCADA.MESReportServer.NLogLogWriter.Info [Topshelf.Nancy] Starting NancyHost
2017-03-08 16:41:00.9358 Info JF8MUH652VSBDH mono-sgen 9850 1  NetSCADA.MESReportServer.NLogLogWriter.Info [Topshelf.Nancy] NancyHost started
2017-03-08 16:41:00.9358 Info JF8MUH652VSBDH mono-sgen 9850 1  NetSCADA.MESReportServer.NLogLogWriter.InfoFormat The MESReportServer service is now running, press Control+C to exit.
2017-03-08 16:43:34.5925 Info JF8MUH652VSBDH mono-sgen 9939 1  NetSCADA.MESReportServer.NLogLogWriter.InfoFormat Configuration Result:
[Success] Name MESReportServer
[Success] Description MESReportServerService
[Success] ServiceName MESReportServer
2017-03-08 16:43:34.6058 Info JF8MUH652VSBDH mono-sgen 9939 1  NetSCADA.MESReportServer.NLogLogWriter.InfoFormat Topshelf v4.0.0.0, .NET Framework v4.0.30319.42000
2017-03-08 16:43:34.6311 Info JF8MUH652VSBDH mono-sgen 9939 1  NetSCADA.MESReportServer.NLogLogWriter.Info MESReportServer is started
2017-03-08 16:43:34.6349 Info JF8MUH652VSBDH mono-sgen 9939 1  NetSCADA.MESReportServer.NLogLogWriter.Info [Topshelf.Nancy] Starting NancyHost
2017-03-08 16:44:01.0415 Info JF8MUH652VSBDH mono-sgen 9939 1  NetSCADA.MESReportServer.NLogLogWriter.Info [Topshelf.Nancy] NancyHost started
2017-03-08 16:44:01.0422 Info JF8MUH652VSBDH mono-sgen 9939 1  NetSCADA.MESReportServer.NLogLogWriter.InfoFormat The MESReportServer service is now running, press Control+C to exit.
2017-03-08 16:45:43.0254 Info JF8MUH652VSBDH mono-sgen 10020 1  NetSCADA.MESReportServer.NLogLogWriter.InfoFormat Configuration Result:
[Success] Name MESReportServer
[Success] Description MESReportServerService
[Success] ServiceName MESReportServer
2017-03-08 16:45:43.0386 Info JF8MUH652VSBDH mono-sgen 10020 1  NetSCADA.MESReportServer.NLogLogWriter.InfoFormat Topshelf v4.0.0.0, .NET Framework v4.0.30319.42000
2017-03-08 16:45:43.0665 Info JF8MUH652VSBDH mono-sgen 10020 1  NetSCADA.MESReportServer.NLogLogWriter.Info MESReportServer is started
2017-03-08 16:45:43.0700 Info JF8MUH652VSBDH mono-sgen 10020 1  NetSCADA.MESReportServer.NLogLogWriter.Info [Topshelf.Nancy] Starting NancyHost
2017-03-08 16:48:54.3739 Info JF8MUH652VSBDH mono-sgen 10108 1  NetSCADA.MESReportServer.NLogLogWriter.InfoFormat Configuration Result:
[Success] Name MESReportServer
[Success] Description MESReportServerService
[Success] ServiceName MESReportServer
2017-03-08 16:48:54.3876 Info JF8MUH652VSBDH mono-sgen 10108 1  NetSCADA.MESReportServer.NLogLogWriter.InfoFormat Topshelf v4.0.0.0, .NET Framework v4.0.30319.42000
2017-03-08 16:48:54.4143 Info JF8MUH652VSBDH mono-sgen 10108 1  NetSCADA.MESReportServer.NLogLogWriter.Info MESReportServer is started
2017-03-08 16:48:54.4178 Info JF8MUH652VSBDH mono-sgen 10108 1  NetSCADA.MESReportServer.NLogLogWriter.Info [Topshelf.Nancy] Starting NancyHost
2017-03-08 16:49:43.3010 Info JF8MUH652VSBDH mono-sgen 10168 1  NetSCADA.MESReportServer.NLogLogWriter.InfoFormat Configuration Result:
[Success] Name MESReportServer
[Success] Description MESReportServerService
[Success] ServiceName MESReportServer
2017-03-08 16:49:43.3167 Info JF8MUH652VSBDH mono-sgen 10168 1  NetSCADA.MESReportServer.NLogLogWriter.InfoFormat Topshelf v4.0.0.0, .NET Framework v4.0.30319.42000
2017-03-08 16:49:43.3399 Info JF8MUH652VSBDH mono-sgen 10168 1  NetSCADA.MESReportServer.NLogLogWriter.Info MESReportServer is started
2017-03-08 16:49:43.3433 Info JF8MUH652VSBDH mono-sgen 10168 1  NetSCADA.MESReportServer.NLogLogWriter.Info [Topshelf.Nancy] Starting NancyHost
2017-03-08 16:49:53.8006 Error JF8MUH652VSBDH mono-sgen 10168 8 Threadpool worker NetSCADA.MESReportServer.NLogLogWriter.Error message:Sequence contains no elements,StackTrace:  at System.Linq.Enumerable.First[TSource] (System.Collections.Generic.IEnumerable`1[T] source) [0x0006c] in <63992662b765477a898ef49cdcc99ee2>:0 
  at Dapper.SqlMapper.ThrowZeroRows (Dapper.SqlMapper+Row row) [0x00009] in <e0799c98809f4140a3e6813703d38e61>:0 
  at Dapper.SqlMapper.QueryRowImpl[T] (System.Data.IDbConnection cnn, Dapper.SqlMapper+Row row, Dapper.CommandDefinition& command, System.Type effectiveType) [0x00159] in <e0799c98809f4140a3e6813703d38e61>:0 
  at Dapper.SqlMapper.QueryFirst[T] (System.Data.IDbConnection cnn, System.String sql, System.Object param, System.Data.IDbTransaction transaction, System.Nullable`1[T] commandTimeout, System.Nullable`1[T] commandType) [0x00018] in <e0799c98809f4140a3e6813703d38e61>:0 
  at NetSCADA.MESReportServer.RptDb.SaveRptDesign (NetSCADA.MESReportServer.RptDesign rpt) [0x00044] in /home/administrator/svn/ReportEngine/MESReportServer/RptDbManage/RptDb.cs:59 
2017-03-08 16:49:53.8279 Error JF8MUH652VSBDH mono-sgen 10168 8 Threadpool worker NetSCADA.MESReportServer.NLogLogWriter.Error message:Sequence contains no elements,StackTrace:  at System.Linq.Enumerable.First[TSource] (System.Collections.Generic.IEnumerable`1[T] source) [0x0006c] in <63992662b765477a898ef49cdcc99ee2>:0 
  at Dapper.SqlMapper.ThrowZeroRows (Dapper.SqlMapper+Row row) [0x00009] in <e0799c98809f4140a3e6813703d38e61>:0 
  at Dapper.SqlMapper.QueryRowImpl[T] (System.Data.IDbConnection cnn, Dapper.SqlMapper+Row row, Dapper.CommandDefinition& command, System.Type effectiveType) [0x00159] in <e0799c98809f4140a3e6813703d38e61>:0 
  at Dapper.SqlMapper.QueryFirst[T] (System.Data.IDbConnection cnn, System.String sql, System.Object param, System.Data.IDbTransaction transaction, System.Nullable`1[T] commandTimeout, System.Nullable`1[T] commandType) [0x00018] in <e0799c98809f4140a3e6813703d38e61>:0 
  at NetSCADA.MESReportServer.RptDb.SaveRptDesign (NetSCADA.MESReportServer.RptDesign rpt) [0x00044] in /home/administrator/svn/ReportEngine/MESReportServer/RptDbManage/RptDb.cs:59 
2017-03-08 16:49:53.8607 Error JF8MUH652VSBDH mono-sgen 10168 8 Threadpool worker NetSCADA.MESReportServer.NLogLogWriter.Error message:Sequence contains no elements,StackTrace:  at System.Linq.Enumerable.First[TSource] (System.Collections.Generic.IEnumerable`1[T] source) [0x0006c] in <63992662b765477a898ef49cdcc99ee2>:0 
  at Dapper.SqlMapper.ThrowZeroRows (Dapper.SqlMapper+Row row) [0x00009] in <e0799c98809f4140a3e6813703d38e61>:0 
  at Dapper.SqlMapper.QueryRowImpl[T] (System.Data.IDbConnection cnn, Dapper.SqlMapper+Row row, Dapper.CommandDefinition& command, System.Type effectiveType) [0x00159] in <e0799c98809f4140a3e6813703d38e61>:0 
  at Dapper.SqlMapper.QueryFirst[T] (System.Data.IDbConnection cnn, System.String sql, System.Object param, System.Data.IDbTransaction transaction, System.Nullable`1[T] commandTimeout, System.Nullable`1[T] commandType) [0x00018] in <e0799c98809f4140a3e6813703d38e61>:0 
  at NetSCADA.MESReportServer.RptDb.SaveRptDesign (NetSCADA.MESReportServer.RptDesign rpt) [0x00044] in /home/administrator/svn/ReportEngine/MESReportServer/RptDbManage/RptDb.cs:59 
2017-03-08 16:49:53.8897 Error JF8MUH652VSBDH mono-sgen 10168 8 Threadpool worker NetSCADA.MESReportServer.NLogLogWriter.Error message:Sequence contains no elements,StackTrace:  at System.Linq.Enumerable.First[TSource] (System.Collections.Generic.IEnumerable`1[T] source) [0x0006c] in <63992662b765477a898ef49cdcc99ee2>:0 
  at Dapper.SqlMapper.ThrowZeroRows (Dapper.SqlMapper+Row row) [0x00009] in <e0799c98809f4140a3e6813703d38e61>:0 
  at Dapper.SqlMapper.QueryRowImpl[T] (System.Data.IDbConnection cnn, Dapper.SqlMapper+Row row, Dapper.CommandDefinition& command, System.Type effectiveType) [0x00159] in <e0799c98809f4140a3e6813703d38e61>:0 
  at Dapper.SqlMapper.QueryFirst[T] (System.Data.IDbConnection cnn, System.String sql, System.Object param, System.Data.IDbTransaction transaction, System.Nullable`1[T] commandTimeout, System.Nullable`1[T] commandType) [0x00018] in <e0799c98809f4140a3e6813703d38e61>:0 
  at NetSCADA.MESReportServer.RptDb.SaveRptDesign (NetSCADA.MESReportServer.RptDesign rpt) [0x00044] in /home/administrator/svn/ReportEngine/MESReportServer/RptDbManage/RptDb.cs:59 
2017-03-08 16:49:53.9193 Error JF8MUH652VSBDH mono-sgen 10168 8 Threadpool worker NetSCADA.MESReportServer.NLogLogWriter.Error message:Sequence contains no elements,StackTrace:  at System.Linq.Enumerable.First[TSource] (System.Collections.Generic.IEnumerable`1[T] source) [0x0006c] in <63992662b765477a898ef49cdcc99ee2>:0 
  at Dapper.SqlMapper.ThrowZeroRows (Dapper.SqlMapper+Row row) [0x00009] in <e0799c98809f4140a3e6813703d38e61>:0 
  at Dapper.SqlMapper.QueryRowImpl[T] (System.Data.IDbConnection cnn, Dapper.SqlMapper+Row row, Dapper.CommandDefinition& command, System.Type effectiveType) [0x00159] in <e0799c98809f4140a3e6813703d38e61>:0 
  at Dapper.SqlMapper.QueryFirst[T] (System.Data.IDbConnection cnn, System.String sql, System.Object param, System.Data.IDbTransaction transaction, System.Nullable`1[T] commandTimeout, System.Nullable`1[T] commandType) [0x00018] in <e0799c98809f4140a3e6813703d38e61>:0 
  at NetSCADA.MESReportServer.RptDb.SaveRptDesign (NetSCADA.MESReportServer.RptDesign rpt) [0x00044] in /home/administrator/svn/ReportEngine/MESReportServer/RptDbManage/RptDb.cs:59 
2017-03-08 16:49:53.9465 Error JF8MUH652VSBDH mono-sgen 10168 8 Threadpool worker NetSCADA.MESReportServer.NLogLogWriter.Error message:Sequence contains no elements,StackTrace:  at System.Linq.Enumerable.First[TSource] (System.Collections.Generic.IEnumerable`1[T] source) [0x0006c] in <63992662b765477a898ef49cdcc99ee2>:0 
  at Dapper.SqlMapper.ThrowZeroRows (Dapper.SqlMapper+Row row) [0x00009] in <e0799c98809f4140a3e6813703d38e61>:0 
  at Dapper.SqlMapper.QueryRowImpl[T] (System.Data.IDbConnection cnn, Dapper.SqlMapper+Row row, Dapper.CommandDefinition& command, System.Type effectiveType) [0x00159] in <e0799c98809f4140a3e6813703d38e61>:0 
  at Dapper.SqlMapper.QueryFirst[T] (System.Data.IDbConnection cnn, System.String sql, System.Object param, System.Data.IDbTransaction transaction, System.Nullable`1[T] commandTimeout, System.Nullable`1[T] commandType) [0x00018] in <e0799c98809f4140a3e6813703d38e61>:0 
  at NetSCADA.MESReportServer.RptDb.SaveRptDesign (NetSCADA.MESReportServer.RptDesign rpt) [0x00044] in /home/administrator/svn/ReportEngine/MESReportServer/RptDbManage/RptDb.cs:59 
2017-03-08 16:49:53.9740 Error JF8MUH652VSBDH mono-sgen 10168 8 Threadpool worker NetSCADA.MESReportServer.NLogLogWriter.Error message:Sequence contains no elements,StackTrace:  at System.Linq.Enumerable.First[TSource] (System.Collections.Generic.IEnumerable`1[T] source) [0x0006c] in <63992662b765477a898ef49cdcc99ee2>:0 
  at Dapper.SqlMapper.ThrowZeroRows (Dapper.SqlMapper+Row row) [0x00009] in <e0799c98809f4140a3e6813703d38e61>:0 
  at Dapper.SqlMapper.QueryRowImpl[T] (System.Data.IDbConnection cnn, Dapper.SqlMapper+Row row, Dapper.CommandDefinition& command, System.Type effectiveType) [0x00159] in <e0799c98809f4140a3e6813703d38e61>:0 
  at Dapper.SqlMapper.QueryFirst[T] (System.Data.IDbConnection cnn, System.String sql, System.Object param, System.Data.IDbTransaction transaction, System.Nullable`1[T] commandTimeout, System.Nullable`1[T] commandType) [0x00018] in <e0799c98809f4140a3e6813703d38e61>:0 
  at NetSCADA.MESReportServer.RptDb.SaveRptDesign (NetSCADA.MESReportServer.RptDesign rpt) [0x00044] in /home/administrator/svn/ReportEngine/MESReportServer/RptDbManage/RptDb.cs:59 
2017-03-08 16:49:54.0014 Error JF8MUH652VSBDH mono-sgen 10168 8 Threadpool worker NetSCADA.MESReportServer.NLogLogWriter.Error message:Sequence contains no elements,StackTrace:  at System.Linq.Enumerable.First[TSource] (System.Collections.Generic.IEnumerable`1[T] source) [0x0006c] in <63992662b765477a898ef49cdcc99ee2>:0 
  at Dapper.SqlMapper.ThrowZeroRows (Dapper.SqlMapper+Row row) [0x00009] in <e0799c98809f4140a3e6813703d38e61>:0 
  at Dapper.SqlMapper.QueryRowImpl[T] (System.Data.IDbConnection cnn, Dapper.SqlMapper+Row row, Dapper.CommandDefinition& command, System.Type effectiveType) [0x00159] in <e0799c98809f4140a3e6813703d38e61>:0 
  at Dapper.SqlMapper.QueryFirst[T] (System.Data.IDbConnection cnn, System.String sql, System.Object param, System.Data.IDbTransaction transaction, System.Nullable`1[T] commandTimeout, System.Nullable`1[T] commandType) [0x00018] in <e0799c98809f4140a3e6813703d38e61>:0 
  at NetSCADA.MESReportServer.RptDb.SaveRptDesign (NetSCADA.MESReportServer.RptDesign rpt) [0x00044] in /home/administrator/svn/ReportEngine/MESReportServer/RptDbManage/RptDb.cs:59 
2017-03-08 16:50:09.3801 Info JF8MUH652VSBDH mono-sgen 10168 1  NetSCADA.MESReportServer.NLogLogWriter.Info [Topshelf.Nancy] NancyHost started
2017-03-08 16:50:09.3806 Info JF8MUH652VSBDH mono-sgen 10168 1  NetSCADA.MESReportServer.NLogLogWriter.InfoFormat The MESReportServer service is now running, press Control+C to exit.
2017-03-08 16:50:35.5335 Info JF8MUH652VSBDH mono-sgen 10208 1  NetSCADA.MESReportServer.NLogLogWriter.InfoFormat Configuration Result:
[Success] Name MESReportServer
[Success] Description MESReportServerService
[Success] ServiceName MESReportServer
2017-03-08 16:50:35.5482 Info JF8MUH652VSBDH mono-sgen 10208 1  NetSCADA.MESReportServer.NLogLogWriter.InfoFormat Topshelf v4.0.0.0, .NET Framework v4.0.30319.42000
2017-03-08 16:50:35.5783 Info JF8MUH652VSBDH mono-sgen 10208 1  NetSCADA.MESReportServer.NLogLogWriter.Info MESReportServer is started
2017-03-08 16:50:35.5815 Info JF8MUH652VSBDH mono-sgen 10208 1  NetSCADA.MESReportServer.NLogLogWriter.Info [Topshelf.Nancy] Starting NancyHost
2017-03-08 16:52:04.7782 Info JF8MUH652VSBDH mono-sgen 10274 1  NetSCADA.MESReportServer.NLogLogWriter.InfoFormat Configuration Result:
[Success] Name MESReportServer
[Success] Description MESReportServerService
[Success] ServiceName MESReportServer
2017-03-08 16:52:04.7934 Info JF8MUH652VSBDH mono-sgen 10274 1  NetSCADA.MESReportServer.NLogLogWriter.InfoFormat Topshelf v4.0.0.0, .NET Framework v4.0.30319.42000
2017-03-08 16:52:04.8180 Info JF8MUH652VSBDH mono-sgen 10274 1  NetSCADA.MESReportServer.NLogLogWriter.Info MESReportServer is started
2017-03-08 16:52:04.8220 Info JF8MUH652VSBDH mono-sgen 10274 1  NetSCADA.MESReportServer.NLogLogWriter.Info [Topshelf.Nancy] Starting NancyHost
2017-03-08 16:52:33.0267 Info JF8MUH652VSBDH mono-sgen 10274 1  NetSCADA.MESReportServer.NLogLogWriter.Info [Topshelf.Nancy] NancyHost started
2017-03-08 16:52:33.0267 Info JF8MUH652VSBDH mono-sgen 10274 1  NetSCADA.MESReportServer.NLogLogWriter.InfoFormat The MESReportServer service is now running, press Control+C to exit.
2017-03-08 16:57:55.6870 Info JF8MUH652VSBDH mono-sgen 10465 1  NetSCADA.MESReportServer.NLogLogWriter.InfoFormat Configuration Result:
[Success] Name MESReportServer
[Success] Description MESReportServerService
[Success] ServiceName MESReportServer
2017-03-08 16:57:55.7030 Info JF8MUH652VSBDH mono-sgen 10465 1  NetSCADA.MESReportServer.NLogLogWriter.InfoFormat Topshelf v4.0.0.0, .NET Framework v4.0.30319.42000
2017-03-08 16:57:55.7272 Info JF8MUH652VSBDH mono-sgen 10465 1  NetSCADA.MESReportServer.NLogLogWriter.Info MESReportServer is started
2017-03-08 16:57:55.7307 Info JF8MUH652VSBDH mono-sgen 10465 1  NetSCADA.MESReportServer.NLogLogWriter.Info [Topshelf.Nancy] Starting NancyHost
2017-03-08 16:58:23.2840 Info JF8MUH652VSBDH mono-sgen 10465 1  NetSCADA.MESReportServer.NLogLogWriter.Info [Topshelf.Nancy] NancyHost started
2017-03-08 16:58:23.2840 Info JF8MUH652VSBDH mono-sgen 10465 1  NetSCADA.MESReportServer.NLogLogWriter.InfoFormat The MESReportServer service is now running, press Control+C to exit.
2017-03-08 17:00:06.9767 Info JF8MUH652VSBDH mono-sgen 10552 1  NetSCADA.MESReportServer.NLogLogWriter.InfoFormat Configuration Result:
[Success] Name MESReportServer
[Success] Description MESReportServerService
[Success] ServiceName MESReportServer
2017-03-08 17:00:06.9924 Info JF8MUH652VSBDH mono-sgen 10552 1  NetSCADA.MESReportServer.NLogLogWriter.InfoFormat Topshelf v4.0.0.0, .NET Framework v4.0.30319.42000
2017-03-08 17:00:07.0170 Info JF8MUH652VSBDH mono-sgen 10552 1  NetSCADA.MESReportServer.NLogLogWriter.Info MESReportServer is started
2017-03-08 17:00:07.0198 Info JF8MUH652VSBDH mono-sgen 10552 1  NetSCADA.MESReportServer.NLogLogWriter.Info [Topshelf.Nancy] Starting NancyHost
2017-03-08 17:00:34.5736 Info JF8MUH652VSBDH mono-sgen 10552 1  NetSCADA.MESReportServer.NLogLogWriter.Info [Topshelf.Nancy] NancyHost started
2017-03-08 17:00:34.5743 Info JF8MUH652VSBDH mono-sgen 10552 1  NetSCADA.MESReportServer.NLogLogWriter.InfoFormat The MESReportServer service is now running, press Control+C to exit.
2017-03-08 17:18:50.1140 Info JF8MUH652VSBDH mono-sgen 10978 1  NetSCADA.MESReportServer.NLogLogWriter.InfoFormat Configuration Result:
[Success] Name MESReportServer
[Success] Description MESReportServerService
[Success] ServiceName MESReportServer
2017-03-08 17:18:50.1272 Info JF8MUH652VSBDH mono-sgen 10978 1  NetSCADA.MESReportServer.NLogLogWriter.InfoFormat Topshelf v4.0.0.0, .NET Framework v4.0.30319.42000
2017-03-08 17:18:50.1520 Info JF8MUH652VSBDH mono-sgen 10978 1  NetSCADA.MESReportServer.NLogLogWriter.Info MESReportServer is started
2017-03-08 17:18:50.1561 Info JF8MUH652VSBDH mono-sgen 10978 1  NetSCADA.MESReportServer.NLogLogWriter.Info [Topshelf.Nancy] Starting NancyHost
2017-03-08 17:19:17.7106 Info JF8MUH652VSBDH mono-sgen 10978 1  NetSCADA.MESReportServer.NLogLogWriter.Info [Topshelf.Nancy] NancyHost started
2017-03-08 17:19:17.7106 Info JF8MUH652VSBDH mono-sgen 10978 1  NetSCADA.MESReportServer.NLogLogWriter.InfoFormat The MESReportServer service is now running, press Control+C to exit.
